{"/home/travis/build/npmtest/node-npmtest-lifx/test.js":{"path":"/home/travis/build/npmtest/node-npmtest-lifx/test.js","s":{"1":2,"2":2,"3":2,"4":2,"5":2,"6":2,"7":2,"8":1,"9":2,"10":2,"11":1,"12":1,"13":1,"14":1,"15":2,"16":2,"17":2,"18":2,"19":1,"20":1,"21":2,"22":2,"23":2,"24":1,"25":1,"26":1,"27":1,"28":1,"29":1,"30":1,"31":1,"32":1,"33":1,"34":1,"35":1,"36":1,"37":1,"38":1,"39":2,"40":2,"41":1,"42":2,"43":2,"44":1,"45":2,"46":2,"47":1,"48":2,"49":2,"50":1,"51":1,"52":1,"53":1,"54":1},"b":{"1":[2,1,1,1],"2":[1,1,1,1],"3":[1,1],"4":[1,1],"5":[1,1],"6":[1,1],"7":[1,1],"8":[1,1],"9":[1,1],"10":[1,1,1],"11":[1,1],"12":[1,1],"13":[1,1],"14":[1,1],"15":[1,1],"16":[1,1],"17":[1,1]},"f":{"1":2,"2":2,"3":2,"4":2,"5":2,"6":1,"7":1,"8":1,"9":2,"10":2,"11":2,"12":2,"13":1},"fnMap":{"1":{"name":"(anonymous_1)","line":12,"loc":{"start":{"line":12,"column":1},"end":{"line":12,"column":13}}},"2":{"name":"(anonymous_2)","line":19,"loc":{"start":{"line":19,"column":5},"end":{"line":19,"column":17}}},"3":{"name":"(anonymous_3)","line":23,"loc":{"start":{"line":23,"column":24},"end":{"line":23,"column":36}}},"4":{"name":"(anonymous_4)","line":61,"loc":{"start":{"line":61,"column":5},"end":{"line":61,"column":17}}},"5":{"name":"(anonymous_5)","line":82,"loc":{"start":{"line":82,"column":5},"end":{"line":82,"column":17}}},"6":{"name":"(anonymous_6)","line":91,"loc":{"start":{"line":91,"column":77},"end":{"line":94,"column":10}}},"7":{"name":"(anonymous_7)","line":112,"loc":{"start":{"line":112,"column":83},"end":{"line":115,"column":10}},"skip":true},"8":{"name":"(anonymous_8)","line":123,"loc":{"start":{"line":123,"column":77},"end":{"line":126,"column":10}},"skip":true},"9":{"name":"(anonymous_9)","line":139,"loc":{"start":{"line":139,"column":12},"end":{"line":139,"column":40}},"skip":true},"10":{"name":"(anonymous_10)","line":147,"loc":{"start":{"line":147,"column":77},"end":{"line":150,"column":10}},"skip":true},"11":{"name":"(anonymous_11)","line":158,"loc":{"start":{"line":158,"column":83},"end":{"line":161,"column":10}},"skip":true},"12":{"name":"(anonymous_12)","line":169,"loc":{"start":{"line":169,"column":79},"end":{"line":172,"column":10}},"skip":true},"13":{"name":"(anonymous_13)","line":180,"loc":{"start":{"line":180,"column":75},"end":{"line":183,"column":10}},"skip":true}},"statementMap":{"1":{"start":{"line":12,"column":0},"end":{"line":195,"column":5}},"2":{"start":{"line":14,"column":4},"end":{"line":14,"column":14}},"3":{"start":{"line":19,"column":4},"end":{"line":56,"column":9}},"4":{"start":{"line":21,"column":8},"end":{"line":21,"column":19}},"5":{"start":{"line":23,"column":8},"end":{"line":35,"column":13}},"6":{"start":{"line":24,"column":12},"end":{"line":34,"column":13}},"7":{"start":{"line":25,"column":16},"end":{"line":28,"column":30}},"8":{"start":{"line":30,"column":16},"end":{"line":33,"column":27}},"9":{"start":{"line":37,"column":8},"end":{"line":39,"column":21}},"10":{"start":{"line":40,"column":8},"end":{"line":53,"column":9}},"11":{"start":{"line":43,"column":12},"end":{"line":46,"column":14}},"12":{"start":{"line":47,"column":12},"end":{"line":47,"column":18}},"13":{"start":{"line":50,"column":12},"end":{"line":51,"column":33}},"14":{"start":{"line":52,"column":12},"end":{"line":52,"column":18}},"15":{"start":{"line":55,"column":8},"end":{"line":55,"column":35}},"16":{"start":{"line":61,"column":4},"end":{"line":63,"column":9}},"17":{"start":{"line":62,"column":8},"end":{"line":62,"column":15}},"18":{"start":{"line":64,"column":4},"end":{"line":77,"column":5}},"19":{"start":{"line":70,"column":8},"end":{"line":70,"column":14}},"20":{"start":{"line":76,"column":8},"end":{"line":76,"column":14}},"21":{"start":{"line":82,"column":4},"end":{"line":84,"column":9}},"22":{"start":{"line":83,"column":8},"end":{"line":83,"column":15}},"23":{"start":{"line":85,"column":4},"end":{"line":194,"column":5}},"24":{"start":{"line":91,"column":8},"end":{"line":99,"column":10}},"25":{"start":{"line":98,"column":12},"end":{"line":98,"column":35}},"26":{"start":{"line":102,"column":8},"end":{"line":104,"column":63}},"27":{"start":{"line":105,"column":8},"end":{"line":105,"column":14}},"28":{"start":{"line":112,"column":8},"end":{"line":121,"column":10},"skip":true},"29":{"start":{"line":119,"column":12},"end":{"line":119,"column":55},"skip":true},"30":{"start":{"line":120,"column":12},"end":{"line":120,"column":48},"skip":true},"31":{"start":{"line":123,"column":8},"end":{"line":136,"column":10},"skip":true},"32":{"start":{"line":130,"column":12},"end":{"line":130,"column":76},"skip":true},"33":{"start":{"line":131,"column":12},"end":{"line":131,"column":73},"skip":true},"34":{"start":{"line":132,"column":12},"end":{"line":132,"column":74},"skip":true},"35":{"start":{"line":133,"column":12},"end":{"line":133,"column":79},"skip":true},"36":{"start":{"line":134,"column":12},"end":{"line":134,"column":25},"skip":true},"37":{"start":{"line":135,"column":12},"end":{"line":135,"column":45},"skip":true},"38":{"start":{"line":138,"column":8},"end":{"line":145,"column":14},"skip":true},"39":{"start":{"line":143,"column":16},"end":{"line":143,"column":29},"skip":true},"40":{"start":{"line":144,"column":16},"end":{"line":144,"column":55},"skip":true},"41":{"start":{"line":147,"column":8},"end":{"line":156,"column":10},"skip":true},"42":{"start":{"line":154,"column":12},"end":{"line":154,"column":25},"skip":true},"43":{"start":{"line":155,"column":12},"end":{"line":155,"column":45},"skip":true},"44":{"start":{"line":158,"column":8},"end":{"line":167,"column":10},"skip":true},"45":{"start":{"line":165,"column":12},"end":{"line":165,"column":25},"skip":true},"46":{"start":{"line":166,"column":12},"end":{"line":166,"column":48},"skip":true},"47":{"start":{"line":169,"column":8},"end":{"line":178,"column":10},"skip":true},"48":{"start":{"line":176,"column":12},"end":{"line":176,"column":25},"skip":true},"49":{"start":{"line":177,"column":12},"end":{"line":177,"column":46},"skip":true},"50":{"start":{"line":180,"column":8},"end":{"line":189,"column":10},"skip":true},"51":{"start":{"line":187,"column":12},"end":{"line":187,"column":94},"skip":true},"52":{"start":{"line":188,"column":12},"end":{"line":188,"column":48},"skip":true},"53":{"start":{"line":192,"column":8},"end":{"line":192,"column":35},"skip":true},"54":{"start":{"line":193,"column":8},"end":{"line":193,"column":14},"skip":true}},"branchMap":{"1":{"line":25,"type":"binary-expr","locations":[{"start":{"line":25,"column":23},"end":{"line":25,"column":62}},{"start":{"line":26,"column":20},"end":{"line":26,"column":70}},{"start":{"line":27,"column":20},"end":{"line":27,"column":71}},{"start":{"line":28,"column":20},"end":{"line":28,"column":29}}]},"2":{"line":30,"type":"binary-expr","locations":[{"start":{"line":30,"column":23},"end":{"line":30,"column":37}},{"start":{"line":31,"column":20},"end":{"line":31,"column":61}},{"start":{"line":32,"column":20},"end":{"line":32,"column":70}},{"start":{"line":33,"column":20},"end":{"line":33,"column":26}}]},"3":{"line":37,"type":"cond-expr","locations":[{"start":{"line":38,"column":14},"end":{"line":38,"column":20}},{"start":{"line":39,"column":14},"end":{"line":39,"column":20}}]},"4":{"line":40,"type":"switch","locations":[{"start":{"line":42,"column":8},"end":{"line":47,"column":18}},{"start":{"line":49,"column":8},"end":{"line":52,"column":18}}]},"5":{"line":44,"type":"binary-expr","locations":[{"start":{"line":44,"column":16},"end":{"line":44,"column":44}},{"start":{"line":44,"column":48},"end":{"line":44,"column":66}}]},"6":{"line":50,"type":"binary-expr","locations":[{"start":{"line":50,"column":21},"end":{"line":50,"column":49}},{"start":{"line":50,"column":53},"end":{"line":50,"column":72}}]},"7":{"line":64,"type":"switch","locations":[{"start":{"line":69,"column":4},"end":{"line":70,"column":14}},{"start":{"line":75,"column":4},"end":{"line":76,"column":14}}]},"8":{"line":85,"type":"switch","locations":[{"start":{"line":90,"column":4},"end":{"line":105,"column":14}},{"start":{"line":111,"column":4},"end":{"line":193,"column":14},"skip":true}]},"9":{"line":91,"type":"binary-expr","locations":[{"start":{"line":91,"column":42},"end":{"line":91,"column":73}},{"start":{"line":91,"column":77},"end":{"line":99,"column":9}}]},"10":{"line":102,"type":"binary-expr","locations":[{"start":{"line":102,"column":18},"end":{"line":102,"column":32}},{"start":{"line":103,"column":12},"end":{"line":103,"column":53}},{"start":{"line":104,"column":12},"end":{"line":104,"column":61}}]},"11":{"line":112,"type":"binary-expr","locations":[{"start":{"line":112,"column":45},"end":{"line":112,"column":79},"skip":true},{"start":{"line":112,"column":83},"end":{"line":121,"column":9},"skip":true}]},"12":{"line":123,"type":"binary-expr","locations":[{"start":{"line":123,"column":42},"end":{"line":123,"column":73},"skip":true},{"start":{"line":123,"column":77},"end":{"line":136,"column":9},"skip":true}]},"13":{"line":138,"type":"binary-expr","locations":[{"start":{"line":138,"column":48},"end":{"line":138,"column":85},"skip":true},{"start":{"line":139,"column":12},"end":{"line":145,"column":13},"skip":true}]},"14":{"line":147,"type":"binary-expr","locations":[{"start":{"line":147,"column":42},"end":{"line":147,"column":73},"skip":true},{"start":{"line":147,"column":77},"end":{"line":156,"column":9},"skip":true}]},"15":{"line":158,"type":"binary-expr","locations":[{"start":{"line":158,"column":45},"end":{"line":158,"column":79},"skip":true},{"start":{"line":158,"column":83},"end":{"line":167,"column":9},"skip":true}]},"16":{"line":169,"type":"binary-expr","locations":[{"start":{"line":169,"column":43},"end":{"line":169,"column":75},"skip":true},{"start":{"line":169,"column":79},"end":{"line":178,"column":9},"skip":true}]},"17":{"line":180,"type":"binary-expr","locations":[{"start":{"line":180,"column":41},"end":{"line":180,"column":71},"skip":true},{"start":{"line":180,"column":75},"end":{"line":189,"column":9},"skip":true}]}},"code":["/* istanbul instrument in package npmtest_lifx */","/*jslint","    bitwise: true,","    browser: true,","    maxerr: 8,","    maxlen: 96,","    node: true,","    nomen: true,","    regexp: true,","    stupid: true","*/","(function () {","    'use strict';","    var local;","","","","    // run shared js-env code - pre-init","    (function () {","        // init local","        local = {};","        // init modeJs","        local.modeJs = (function () {","            try {","                return typeof navigator.userAgent === 'string' &&","                    typeof document.querySelector('body') === 'object' &&","                    typeof XMLHttpRequest.prototype.open === 'function' &&","                    'browser';","            } catch (errorCaughtBrowser) {","                return module.exports &&","                    typeof process.versions.node === 'string' &&","                    typeof require('http').createServer === 'function' &&","                    'node';","            }","        }());","        // init global","        local.global = local.modeJs === 'browser'","            ? window","            : global;","        switch (local.modeJs) {","        // re-init local from window.local","        case 'browser':","            local = local.global.utility2.objectSetDefault(","                local.global.utility2_rollup || local.global.local,","                local.global.utility2","            );","            break;","        // re-init local from example.js","        case 'node':","            local = (local.global.utility2_rollup || require('utility2'))","                .requireReadme();","            break;","        }","        // export local","        local.global.local = local;","    }());","","","","    // run shared js-env code - function","    (function () {","        return;","    }());","    switch (local.modeJs) {","","","","    // run browser js-env code - function","    case 'browser':","        break;","","","","    // run node js-env code - function","    case 'node':","        break;","    }","","","","    // run shared js-env code - post-init","    (function () {","        return;","    }());","    switch (local.modeJs) {","","","","    // run browser js-env code - post-init","    case 'browser':","        local.testCase_browser_nullCase = local.testCase_browser_nullCase || function (","            options,","            onError","        ) {","        /*","         * this function will test browsers's null-case handling-behavior-behavior","         */","            onError(null, options);","        };","","        // run tests","        local.nop(local.modeTest &&","            document.querySelector('#testRunButton1') &&","            document.querySelector('#testRunButton1').click());","        break;","","","","    // run node js-env code - post-init","    /* istanbul ignore next */","    case 'node':","        local.testCase_buildApidoc_default = local.testCase_buildApidoc_default || function (","            options,","            onError","        ) {","        /*","         * this function will test buildApidoc's default handling-behavior-behavior","         */","            options = { modulePathList: module.paths };","            local.buildApidoc(options, onError);","        };","","        local.testCase_buildApp_default = local.testCase_buildApp_default || function (","            options,","            onError","        ) {","        /*","         * this function will test buildApp's default handling-behavior-behavior","         */","            local.testCase_buildReadme_default(options, local.onErrorThrow);","            local.testCase_buildLib_default(options, local.onErrorThrow);","            local.testCase_buildTest_default(options, local.onErrorThrow);","            local.testCase_buildCustomOrg_default(options, local.onErrorThrow);","            options = [];","            local.buildApp(options, onError);","        };","","        local.testCase_buildCustomOrg_default = local.testCase_buildCustomOrg_default ||","            function (options, onError) {","            /*","             * this function will test buildCustomOrg's default handling-behavior","             */","                options = {};","                local.buildCustomOrg(options, onError);","            };","","        local.testCase_buildLib_default = local.testCase_buildLib_default || function (","            options,","            onError","        ) {","        /*","         * this function will test buildLib's default handling-behavior","         */","            options = {};","            local.buildLib(options, onError);","        };","","        local.testCase_buildReadme_default = local.testCase_buildReadme_default || function (","            options,","            onError","        ) {","        /*","         * this function will test buildReadme's default handling-behavior-behavior","         */","            options = {};","            local.buildReadme(options, onError);","        };","","        local.testCase_buildTest_default = local.testCase_buildTest_default || function (","            options,","            onError","        ) {","        /*","         * this function will test buildTest's default handling-behavior","         */","            options = {};","            local.buildTest(options, onError);","        };","","        local.testCase_webpage_default = local.testCase_webpage_default || function (","            options,","            onError","        ) {","        /*","         * this function will test webpage's default handling-behavior","         */","            options = { modeCoverageMerge: true, url: local.serverLocalHost + '?modeTest=1' };","            local.browserTest(options, onError);","        };","","        // run test-server","        local.testRunServer(local);","        break;","    }","}());",""],"l":{"12":2,"14":2,"19":2,"21":2,"23":2,"24":2,"25":2,"30":1,"37":2,"40":2,"43":1,"47":1,"50":1,"52":1,"55":2,"61":2,"62":2,"64":2,"70":1,"76":1,"82":2,"83":2,"85":2,"91":1,"98":1,"102":1,"105":1,"112":1,"119":1,"120":1,"123":1,"130":1,"131":1,"132":1,"133":1,"134":1,"135":1,"138":1,"143":2,"144":2,"147":1,"154":2,"155":2,"158":1,"165":2,"166":2,"169":1,"176":2,"177":2,"180":1,"187":1,"188":1,"192":1,"193":1}},"/home/travis/build/npmtest/node-npmtest-lifx/lib.npmtest_lifx.js":{"path":"/home/travis/build/npmtest/node-npmtest-lifx/lib.npmtest_lifx.js","s":{"1":2,"2":2,"3":2,"4":2,"5":2,"6":2,"7":2,"8":1,"9":2,"10":2,"11":2,"12":2,"13":1,"14":1,"15":1,"16":1},"b":{"1":[2,1,1,1],"2":[1,1,1,1],"3":[1,1],"4":[2,2],"5":[1,1]},"f":{"1":2,"2":2,"3":2},"fnMap":{"1":{"name":"(anonymous_1)","line":12,"loc":{"start":{"line":12,"column":1},"end":{"line":12,"column":13}}},"2":{"name":"(anonymous_2)","line":19,"loc":{"start":{"line":19,"column":5},"end":{"line":19,"column":17}}},"3":{"name":"(anonymous_3)","line":23,"loc":{"start":{"line":23,"column":24},"end":{"line":23,"column":36}}}},"statementMap":{"1":{"start":{"line":12,"column":0},"end":{"line":53,"column":5}},"2":{"start":{"line":14,"column":4},"end":{"line":14,"column":14}},"3":{"start":{"line":19,"column":4},"end":{"line":52,"column":9}},"4":{"start":{"line":21,"column":8},"end":{"line":21,"column":19}},"5":{"start":{"line":23,"column":8},"end":{"line":35,"column":13}},"6":{"start":{"line":24,"column":12},"end":{"line":34,"column":13}},"7":{"start":{"line":25,"column":16},"end":{"line":28,"column":30}},"8":{"start":{"line":30,"column":16},"end":{"line":33,"column":27}},"9":{"start":{"line":37,"column":8},"end":{"line":39,"column":21}},"10":{"start":{"line":41,"column":8},"end":{"line":41,"column":54}},"11":{"start":{"line":43,"column":8},"end":{"line":43,"column":49}},"12":{"start":{"line":45,"column":8},"end":{"line":51,"column":9}},"13":{"start":{"line":46,"column":12},"end":{"line":46,"column":55}},"14":{"start":{"line":48,"column":12},"end":{"line":48,"column":35}},"15":{"start":{"line":49,"column":12},"end":{"line":49,"column":49}},"16":{"start":{"line":50,"column":12},"end":{"line":50,"column":43}}},"branchMap":{"1":{"line":25,"type":"binary-expr","locations":[{"start":{"line":25,"column":23},"end":{"line":25,"column":62}},{"start":{"line":26,"column":20},"end":{"line":26,"column":70}},{"start":{"line":27,"column":20},"end":{"line":27,"column":71}},{"start":{"line":28,"column":20},"end":{"line":28,"column":29}}]},"2":{"line":30,"type":"binary-expr","locations":[{"start":{"line":30,"column":23},"end":{"line":30,"column":37}},{"start":{"line":31,"column":20},"end":{"line":31,"column":61}},{"start":{"line":32,"column":20},"end":{"line":32,"column":70}},{"start":{"line":33,"column":20},"end":{"line":33,"column":26}}]},"3":{"line":37,"type":"cond-expr","locations":[{"start":{"line":38,"column":14},"end":{"line":38,"column":20}},{"start":{"line":39,"column":14},"end":{"line":39,"column":20}}]},"4":{"line":41,"type":"binary-expr","locations":[{"start":{"line":41,"column":16},"end":{"line":41,"column":44}},{"start":{"line":41,"column":48},"end":{"line":41,"column":53}}]},"5":{"line":45,"type":"if","locations":[{"start":{"line":45,"column":8},"end":{"line":45,"column":8}},{"start":{"line":45,"column":8},"end":{"line":45,"column":8}}]}},"code":["/* istanbul instrument in package npmtest_lifx */","/*jslint","    bitwise: true,","    browser: true,","    maxerr: 8,","    maxlen: 96,","    node: true,","    nomen: true,","    regexp: true,","    stupid: true","*/","(function () {","    'use strict';","    var local;","","","","    // run shared js-env code - pre-init","    (function () {","        // init local","        local = {};","        // init modeJs","        local.modeJs = (function () {","            try {","                return typeof navigator.userAgent === 'string' &&","                    typeof document.querySelector('body') === 'object' &&","                    typeof XMLHttpRequest.prototype.open === 'function' &&","                    'browser';","            } catch (errorCaughtBrowser) {","                return module.exports &&","                    typeof process.versions.node === 'string' &&","                    typeof require('http').createServer === 'function' &&","                    'node';","            }","        }());","        // init global","        local.global = local.modeJs === 'browser'","            ? window","            : global;","        // init utility2_rollup","        local = local.global.utility2_rollup || local;","        // init lib","        local.local = local.npmtest_lifx = local;","        // init exports","        if (local.modeJs === 'browser') {","            local.global.utility2_npmtest_lifx = local;","        } else {","            module.exports = local;","            module.exports.__dirname = __dirname;","            module.exports.module = module;","        }","    }());","}());",""],"l":{"12":2,"14":2,"19":2,"21":2,"23":2,"24":2,"25":2,"30":1,"37":2,"41":2,"43":2,"45":2,"46":1,"48":1,"49":1,"50":1}},"/home/travis/build/npmtest/node-npmtest-lifx/example.js":{"path":"/home/travis/build/npmtest/node-npmtest-lifx/example.js","s":{"1":2,"2":2,"3":2,"4":2,"5":2,"6":2,"7":2,"8":1,"9":2,"10":2,"11":2,"12":2,"13":1,"14":2,"15":2,"16":2,"17":2,"18":2,"19":0,"20":2,"21":1,"22":1,"23":1,"24":1,"25":1,"26":0,"27":0,"28":1,"29":1,"30":2,"31":0,"32":0,"33":0,"34":1,"35":2,"36":2,"37":3,"38":3,"39":3,"40":3,"41":0,"42":3,"43":3,"44":3,"45":1,"46":3,"47":1,"48":1,"49":1,"50":1,"51":1,"52":1,"53":1,"54":1,"55":1,"56":1,"57":0,"58":1,"59":6,"60":6,"61":1,"62":2,"63":0,"64":2,"65":1,"66":1,"67":0,"68":0,"69":0,"70":0,"71":0,"72":0,"73":0,"74":0,"75":0,"76":0,"77":0,"78":0,"79":0,"80":0,"81":0,"82":0,"83":0},"b":{"1":[2,1,1,1],"2":[1,1,1,1],"3":[1,1],"4":[2,2],"5":[1,1],"6":[1,1],"7":[2,0],"8":[2,1,1,1,1,1],"9":[0,2,0],"10":[1,1],"11":[2,1,1],"12":[1,0],"13":[0,2],"14":[2,0,0,0,0,0,0],"15":[0,3],"16":[3,0],"17":[1,1],"18":[0,1],"19":[1,2,0,2],"20":[1,0],"21":[1,1],"22":[0,0],"23":[0,0],"24":[0,0],"25":[0,0],"26":[0,0],"27":[0,0],"28":[0,0]},"f":{"1":2,"2":2,"3":2,"4":2,"5":2,"6":2,"7":3,"8":3,"9":3,"10":1,"11":6,"12":0},"fnMap":{"1":{"name":"(anonymous_1)","line":26,"loc":{"start":{"line":26,"column":1},"end":{"line":26,"column":13}}},"2":{"name":"(anonymous_2)","line":33,"loc":{"start":{"line":33,"column":5},"end":{"line":33,"column":17}}},"3":{"name":"(anonymous_3)","line":37,"loc":{"start":{"line":37,"column":24},"end":{"line":37,"column":36}}},"4":{"name":"(anonymous_4)","line":69,"loc":{"start":{"line":69,"column":31},"end":{"line":69,"column":48}},"skip":true},"5":{"name":"(anonymous_5)","line":78,"loc":{"start":{"line":78,"column":26},"end":{"line":78,"column":45}},"skip":true},"6":{"name":"(anonymous_6)","line":123,"loc":{"start":{"line":123,"column":33},"end":{"line":123,"column":48}},"skip":true},"7":{"name":"(anonymous_7)","line":125,"loc":{"start":{"line":125,"column":27},"end":{"line":125,"column":39}},"skip":true},"8":{"name":"(anonymous_8)","line":133,"loc":{"start":{"line":133,"column":59},"end":{"line":133,"column":74}},"skip":true},"9":{"name":"(anonymous_9)","line":143,"loc":{"start":{"line":143,"column":45},"end":{"line":143,"column":62}},"skip":true},"10":{"name":"(anonymous_10)","line":144,"loc":{"start":{"line":144,"column":73},"end":{"line":144,"column":92}},"skip":true},"11":{"name":"(anonymous_11)","line":272,"loc":{"start":{"line":272,"column":51},"end":{"line":272,"column":77}},"skip":true},"12":{"name":"(anonymous_12)","line":315,"loc":{"start":{"line":315,"column":32},"end":{"line":315,"column":61}},"skip":true}},"statementMap":{"1":{"start":{"line":26,"column":0},"end":{"line":326,"column":5}},"2":{"start":{"line":28,"column":4},"end":{"line":28,"column":14}},"3":{"start":{"line":33,"column":4},"end":{"line":60,"column":9}},"4":{"start":{"line":35,"column":8},"end":{"line":35,"column":19}},"5":{"start":{"line":37,"column":8},"end":{"line":49,"column":13}},"6":{"start":{"line":38,"column":12},"end":{"line":48,"column":13}},"7":{"start":{"line":39,"column":16},"end":{"line":42,"column":30}},"8":{"start":{"line":44,"column":16},"end":{"line":47,"column":27}},"9":{"start":{"line":51,"column":8},"end":{"line":53,"column":21}},"10":{"start":{"line":55,"column":8},"end":{"line":57,"column":45}},"11":{"start":{"line":59,"column":8},"end":{"line":59,"column":35}},"12":{"start":{"line":61,"column":4},"end":{"line":325,"column":5}},"13":{"start":{"line":69,"column":8},"end":{"line":121,"column":10},"skip":true},"14":{"start":{"line":70,"column":12},"end":{"line":88,"column":13},"skip":true},"15":{"start":{"line":76,"column":16},"end":{"line":87,"column":19},"skip":true},"16":{"start":{"line":79,"column":20},"end":{"line":86,"column":21},"skip":true},"17":{"start":{"line":82,"column":24},"end":{"line":82,"column":43},"skip":true},"18":{"start":{"line":83,"column":24},"end":{"line":83,"column":30},"skip":true},"19":{"start":{"line":85,"column":24},"end":{"line":85,"column":49},"skip":true},"20":{"start":{"line":89,"column":12},"end":{"line":107,"column":13},"skip":true},"21":{"start":{"line":92,"column":16},"end":{"line":102,"column":17},"skip":true},"22":{"start":{"line":93,"column":20},"end":{"line":93,"column":86},"skip":true},"23":{"start":{"line":94,"column":20},"end":{"line":95,"column":45},"skip":true},"24":{"start":{"line":96,"column":20},"end":{"line":96,"column":42},"skip":true},"25":{"start":{"line":97,"column":20},"end":{"line":97,"column":48},"skip":true},"26":{"start":{"line":100,"column":20},"end":{"line":100,"column":85},"skip":true},"27":{"start":{"line":101,"column":20},"end":{"line":101,"column":96},"skip":true},"28":{"start":{"line":103,"column":16},"end":{"line":103,"column":22},"skip":true},"29":{"start":{"line":106,"column":16},"end":{"line":106,"column":22},"skip":true},"30":{"start":{"line":108,"column":12},"end":{"line":120,"column":13},"skip":true},"31":{"start":{"line":114,"column":16},"end":{"line":119,"column":17},"skip":true},"32":{"start":{"line":116,"column":20},"end":{"line":116,"column":78},"skip":true},"33":{"start":{"line":118,"column":20},"end":{"line":118,"column":47},"skip":true},"34":{"start":{"line":123,"column":8},"end":{"line":141,"column":11},"skip":true},"35":{"start":{"line":124,"column":12},"end":{"line":124,"column":54},"skip":true},"36":{"start":{"line":125,"column":12},"end":{"line":140,"column":14},"skip":true},"37":{"start":{"line":126,"column":16},"end":{"line":126,"column":28},"skip":true},"38":{"start":{"line":127,"column":16},"end":{"line":127,"column":69},"skip":true},"39":{"start":{"line":128,"column":16},"end":{"line":128,"column":75},"skip":true},"40":{"start":{"line":129,"column":16},"end":{"line":131,"column":17},"skip":true},"41":{"start":{"line":130,"column":20},"end":{"line":130,"column":27},"skip":true},"42":{"start":{"line":133,"column":16},"end":{"line":137,"column":36},"skip":true},"43":{"start":{"line":134,"column":20},"end":{"line":136,"column":55},"skip":true},"44":{"start":{"line":139,"column":16},"end":{"line":139,"column":57},"skip":true},"45":{"start":{"line":143,"column":8},"end":{"line":147,"column":11},"skip":true},"46":{"start":{"line":144,"column":12},"end":{"line":146,"column":15},"skip":true},"47":{"start":{"line":145,"column":16},"end":{"line":145,"column":70},"skip":true},"48":{"start":{"line":149,"column":8},"end":{"line":149,"column":31},"skip":true},"49":{"start":{"line":150,"column":8},"end":{"line":150,"column":14},"skip":true},"50":{"start":{"line":158,"column":8},"end":{"line":158,"column":31},"skip":true},"51":{"start":{"line":160,"column":8},"end":{"line":160,"column":33},"skip":true},"52":{"start":{"line":161,"column":8},"end":{"line":161,"column":37},"skip":true},"53":{"start":{"line":162,"column":8},"end":{"line":162,"column":35},"skip":true},"54":{"start":{"line":164,"column":8},"end":{"line":164,"column":50},"skip":true},"55":{"start":{"line":166,"column":8},"end":{"line":256,"column":2},"skip":true},"56":{"start":{"line":258,"column":8},"end":{"line":286,"column":9},"skip":true},"57":{"start":{"line":259,"column":12},"end":{"line":269,"column":14},"skip":true},"58":{"start":{"line":271,"column":12},"end":{"line":285,"column":19},"skip":true},"59":{"start":{"line":274,"column":20},"end":{"line":274,"column":35},"skip":true},"60":{"start":{"line":275,"column":20},"end":{"line":284,"column":21},"skip":true},"61":{"start":{"line":277,"column":24},"end":{"line":277,"column":64},"skip":true},"62":{"start":{"line":279,"column":24},"end":{"line":279,"column":40},"skip":true},"63":{"start":{"line":281,"column":24},"end":{"line":281,"column":40},"skip":true},"64":{"start":{"line":283,"column":24},"end":{"line":283,"column":39},"skip":true},"65":{"start":{"line":288,"column":8},"end":{"line":290,"column":9},"skip":true},"66":{"start":{"line":289,"column":12},"end":{"line":289,"column":18},"skip":true},"67":{"start":{"line":291,"column":8},"end":{"line":293,"column":54},"skip":true},"68":{"start":{"line":296,"column":8},"end":{"line":301,"column":37},"skip":true},"69":{"start":{"line":303,"column":8},"end":{"line":303,"column":82},"skip":true},"70":{"start":{"line":306,"column":8},"end":{"line":308,"column":9},"skip":true},"71":{"start":{"line":307,"column":12},"end":{"line":307,"column":82},"skip":true},"72":{"start":{"line":310,"column":8},"end":{"line":312,"column":9},"skip":true},"73":{"start":{"line":311,"column":12},"end":{"line":311,"column":18},"skip":true},"74":{"start":{"line":313,"column":8},"end":{"line":313,"column":54},"skip":true},"75":{"start":{"line":314,"column":8},"end":{"line":314,"column":69},"skip":true},"76":{"start":{"line":315,"column":8},"end":{"line":323,"column":36},"skip":true},"77":{"start":{"line":316,"column":12},"end":{"line":316,"column":61},"skip":true},"78":{"start":{"line":317,"column":12},"end":{"line":320,"column":13},"skip":true},"79":{"start":{"line":318,"column":16},"end":{"line":318,"column":75},"skip":true},"80":{"start":{"line":319,"column":16},"end":{"line":319,"column":23},"skip":true},"81":{"start":{"line":321,"column":12},"end":{"line":321,"column":38},"skip":true},"82":{"start":{"line":322,"column":12},"end":{"line":322,"column":27},"skip":true},"83":{"start":{"line":324,"column":8},"end":{"line":324,"column":14},"skip":true}},"branchMap":{"1":{"line":39,"type":"binary-expr","locations":[{"start":{"line":39,"column":23},"end":{"line":39,"column":62}},{"start":{"line":40,"column":20},"end":{"line":40,"column":70}},{"start":{"line":41,"column":20},"end":{"line":41,"column":71}},{"start":{"line":42,"column":20},"end":{"line":42,"column":29}}]},"2":{"line":44,"type":"binary-expr","locations":[{"start":{"line":44,"column":23},"end":{"line":44,"column":37}},{"start":{"line":45,"column":20},"end":{"line":45,"column":61}},{"start":{"line":46,"column":20},"end":{"line":46,"column":70}},{"start":{"line":47,"column":20},"end":{"line":47,"column":26}}]},"3":{"line":51,"type":"cond-expr","locations":[{"start":{"line":52,"column":14},"end":{"line":52,"column":20}},{"start":{"line":53,"column":14},"end":{"line":53,"column":20}}]},"4":{"line":55,"type":"binary-expr","locations":[{"start":{"line":55,"column":16},"end":{"line":55,"column":44}},{"start":{"line":55,"column":49},"end":{"line":57,"column":43}}]},"5":{"line":55,"type":"cond-expr","locations":[{"start":{"line":56,"column":14},"end":{"line":56,"column":48}},{"start":{"line":57,"column":14},"end":{"line":57,"column":43}}]},"6":{"line":61,"type":"switch","locations":[{"start":{"line":68,"column":4},"end":{"line":150,"column":14},"skip":true},{"start":{"line":156,"column":4},"end":{"line":324,"column":14},"skip":true}]},"7":{"line":70,"type":"if","locations":[{"start":{"line":70,"column":12},"end":{"line":70,"column":12},"skip":true},{"start":{"line":70,"column":12},"end":{"line":70,"column":12},"skip":true}]},"8":{"line":70,"type":"binary-expr","locations":[{"start":{"line":70,"column":16},"end":{"line":70,"column":22},"skip":true},{"start":{"line":70,"column":27},"end":{"line":70,"column":32},"skip":true},{"start":{"line":71,"column":20},"end":{"line":71,"column":39},"skip":true},{"start":{"line":72,"column":20},"end":{"line":72,"column":49},"skip":true},{"start":{"line":73,"column":20},"end":{"line":73,"column":58},"skip":true},{"start":{"line":74,"column":20},"end":{"line":74,"column":69},"skip":true}]},"9":{"line":79,"type":"switch","locations":[{"start":{"line":80,"column":20},"end":{"line":80,"column":33},"skip":true},{"start":{"line":81,"column":20},"end":{"line":83,"column":30},"skip":true},{"start":{"line":84,"column":20},"end":{"line":85,"column":49},"skip":true}]},"10":{"line":89,"type":"switch","locations":[{"start":{"line":90,"column":12},"end":{"line":103,"column":22},"skip":true},{"start":{"line":105,"column":12},"end":{"line":106,"column":22},"skip":true}]},"11":{"line":89,"type":"binary-expr","locations":[{"start":{"line":89,"column":20},"end":{"line":89,"column":25},"skip":true},{"start":{"line":89,"column":29},"end":{"line":89,"column":48},"skip":true},{"start":{"line":89,"column":52},"end":{"line":89,"column":74},"skip":true}]},"12":{"line":92,"type":"if","locations":[{"start":{"line":92,"column":16},"end":{"line":92,"column":16},"skip":true},{"start":{"line":92,"column":16},"end":{"line":92,"column":16},"skip":true}]},"13":{"line":108,"type":"if","locations":[{"start":{"line":108,"column":12},"end":{"line":108,"column":12},"skip":true},{"start":{"line":108,"column":12},"end":{"line":108,"column":12},"skip":true}]},"14":{"line":108,"type":"binary-expr","locations":[{"start":{"line":108,"column":16},"end":{"line":108,"column":61},"skip":true},{"start":{"line":108,"column":66},"end":{"line":108,"column":72},"skip":true},{"start":{"line":108,"column":77},"end":{"line":108,"column":82},"skip":true},{"start":{"line":109,"column":20},"end":{"line":109,"column":39},"skip":true},{"start":{"line":110,"column":20},"end":{"line":110,"column":49},"skip":true},{"start":{"line":111,"column":20},"end":{"line":111,"column":58},"skip":true},{"start":{"line":112,"column":20},"end":{"line":112,"column":68},"skip":true}]},"15":{"line":129,"type":"if","locations":[{"start":{"line":129,"column":16},"end":{"line":129,"column":16},"skip":true},{"start":{"line":129,"column":16},"end":{"line":129,"column":16},"skip":true}]},"16":{"line":134,"type":"cond-expr","locations":[{"start":{"line":135,"column":26},"end":{"line":135,"column":29},"skip":true},{"start":{"line":136,"column":26},"end":{"line":136,"column":54},"skip":true}]},"17":{"line":164,"type":"binary-expr","locations":[{"start":{"line":164,"column":27},"end":{"line":164,"column":43},"skip":true},{"start":{"line":164,"column":47},"end":{"line":164,"column":49},"skip":true}]},"18":{"line":258,"type":"if","locations":[{"start":{"line":258,"column":8},"end":{"line":258,"column":8},"skip":true},{"start":{"line":258,"column":8},"end":{"line":258,"column":8},"skip":true}]},"19":{"line":275,"type":"switch","locations":[{"start":{"line":276,"column":20},"end":{"line":277,"column":64},"skip":true},{"start":{"line":278,"column":20},"end":{"line":279,"column":40},"skip":true},{"start":{"line":280,"column":20},"end":{"line":281,"column":40},"skip":true},{"start":{"line":282,"column":20},"end":{"line":283,"column":39},"skip":true}]},"20":{"line":288,"type":"if","locations":[{"start":{"line":288,"column":8},"end":{"line":288,"column":8},"skip":true},{"start":{"line":288,"column":8},"end":{"line":288,"column":8},"skip":true}]},"21":{"line":288,"type":"binary-expr","locations":[{"start":{"line":288,"column":12},"end":{"line":288,"column":40},"skip":true},{"start":{"line":288,"column":44},"end":{"line":288,"column":67},"skip":true}]},"22":{"line":292,"type":"binary-expr","locations":[{"start":{"line":292,"column":12},"end":{"line":292,"column":50},"skip":true},{"start":{"line":293,"column":12},"end":{"line":293,"column":53},"skip":true}]},"23":{"line":297,"type":"binary-expr","locations":[{"start":{"line":297,"column":12},"end":{"line":297,"column":62},"skip":true},{"start":{"line":298,"column":12},"end":{"line":301,"column":36},"skip":true}]},"24":{"line":303,"type":"binary-expr","locations":[{"start":{"line":303,"column":43},"end":{"line":303,"column":75},"skip":true},{"start":{"line":303,"column":79},"end":{"line":303,"column":81},"skip":true}]},"25":{"line":306,"type":"if","locations":[{"start":{"line":306,"column":8},"end":{"line":306,"column":8},"skip":true},{"start":{"line":306,"column":8},"end":{"line":306,"column":8},"skip":true}]},"26":{"line":310,"type":"if","locations":[{"start":{"line":310,"column":8},"end":{"line":310,"column":8},"skip":true},{"start":{"line":310,"column":8},"end":{"line":310,"column":8},"skip":true}]},"27":{"line":313,"type":"binary-expr","locations":[{"start":{"line":313,"column":27},"end":{"line":313,"column":43},"skip":true},{"start":{"line":313,"column":47},"end":{"line":313,"column":53},"skip":true}]},"28":{"line":317,"type":"if","locations":[{"start":{"line":317,"column":12},"end":{"line":317,"column":12},"skip":true},{"start":{"line":317,"column":12},"end":{"line":317,"column":12},"skip":true}]}},"code":["/*","example.js","","quickstart example","","instruction","    1. save this script as example.js","    2. run the shell command:","        $ npm install npmtest-lifx && PORT=8081 node example.js","    3. play with the browser-demo on http://127.0.0.1:8081","*/","","","","/* istanbul instrument in package npmtest_lifx */","/*jslint","    bitwise: true,","    browser: true,","    maxerr: 8,","    maxlen: 96,","    node: true,","    nomen: true,","    regexp: true,","    stupid: true","*/","(function () {","    'use strict';","    var local;","","","","    // run shared js-env code - pre-init","    (function () {","        // init local","        local = {};","        // init modeJs","        local.modeJs = (function () {","            try {","                return typeof navigator.userAgent === 'string' &&","                    typeof document.querySelector('body') === 'object' &&","                    typeof XMLHttpRequest.prototype.open === 'function' &&","                    'browser';","            } catch (errorCaughtBrowser) {","                return module.exports &&","                    typeof process.versions.node === 'string' &&","                    typeof require('http').createServer === 'function' &&","                    'node';","            }","        }());","        // init global","        local.global = local.modeJs === 'browser'","            ? window","            : global;","        // init utility2_rollup","        local = local.global.utility2_rollup || (local.modeJs === 'browser'","            ? local.global.utility2_npmtest_lifx","            : global.utility2_moduleExports);","        // export local","        local.global.local = local;","    }());","    switch (local.modeJs) {","","","","    // post-init","    // run browser js-env code - post-init","    /* istanbul ignore next */","    case 'browser':","        local.testRunBrowser = function (event) {","            if (!event || (event &&","                    event.currentTarget &&","                    event.currentTarget.className &&","                    event.currentTarget.className.includes &&","                    event.currentTarget.className.includes('onreset'))) {","                // reset output","                Array.from(","                    document.querySelectorAll('body > .resettable')","                ).forEach(function (element) {","                    switch (element.tagName) {","                    case 'INPUT':","                    case 'TEXTAREA':","                        element.value = '';","                        break;","                    default:","                        element.textContent = '';","                    }","                });","            }","            switch (event && event.currentTarget && event.currentTarget.id) {","            case 'testRunButton1':","                // show tests","                if (document.querySelector('#testReportDiv1').style.display === 'none') {","                    document.querySelector('#testReportDiv1').style.display = 'block';","                    document.querySelector('#testRunButton1').textContent =","                        'hide internal test';","                    local.modeTest = true;","                    local.testRunDefault(local);","                // hide tests","                } else {","                    document.querySelector('#testReportDiv1').style.display = 'none';","                    document.querySelector('#testRunButton1').textContent = 'run internal test';","                }","                break;","            // custom-case","            default:","                break;","            }","            if (document.querySelector('#inputTextareaEval1') && (!event || (event &&","                    event.currentTarget &&","                    event.currentTarget.className &&","                    event.currentTarget.className.includes &&","                    event.currentTarget.className.includes('oneval')))) {","                // try to eval input-code","                try {","                    /*jslint evil: true*/","                    eval(document.querySelector('#inputTextareaEval1').value);","                } catch (errorCaught) {","                    console.error(errorCaught);","                }","            }","        };","        // log stderr and stdout to #outputTextareaStdout1","        ['error', 'log'].forEach(function (key) {","            console[key + '_original'] = console[key];","            console[key] = function () {","                var element;","                console[key + '_original'].apply(console, arguments);","                element = document.querySelector('#outputTextareaStdout1');","                if (!element) {","                    return;","                }","                // append text to #outputTextareaStdout1","                element.value += Array.from(arguments).map(function (arg) {","                    return typeof arg === 'string'","                        ? arg","                        : JSON.stringify(arg, null, 4);","                }).join(' ') + '\\n';","                // scroll textarea to bottom","                element.scrollTop = element.scrollHeight;","            };","        });","        // init event-handling","        ['change', 'click', 'keyup'].forEach(function (event) {","            Array.from(document.querySelectorAll('.on' + event)).forEach(function (element) {","                element.addEventListener(event, local.testRunBrowser);","            });","        });","        // run tests","        local.testRunBrowser();","        break;","","","","    // run node js-env code - post-init","    /* istanbul ignore next */","    case 'node':","        // export local","        module.exports = local;","        // require modules","        local.fs = require('fs');","        local.http = require('http');","        local.url = require('url');","        // init assets","        local.assetsDict = local.assetsDict || {};","        /* jslint-ignore-begin */","        local.assetsDict['/assets.index.template.html'] = '\\","<!doctype html>\\n\\","<html lang=\"en\">\\n\\","<head>\\n\\","<meta charset=\"UTF-8\">\\n\\","<meta name=\"viewport\" content=\"width=device-width, initial-scale=1\">\\n\\","<title>{{env.npm_package_name}} (v{{env.npm_package_version}})</title>\\n\\","<style>\\n\\","/*csslint\\n\\","    box-sizing: false,\\n\\","    universal-selector: false\\n\\","*/\\n\\","* {\\n\\","    box-sizing: border-box;\\n\\","}\\n\\","body {\\n\\","    background: #dde;\\n\\","    font-family: Arial, Helvetica, sans-serif;\\n\\","    margin: 2rem;\\n\\","}\\n\\","body > * {\\n\\","    margin-bottom: 1rem;\\n\\","}\\n\\",".utility2FooterDiv {\\n\\","    margin-top: 20px;\\n\\","    text-align: center;\\n\\","}\\n\\","</style>\\n\\","<style>\\n\\","/*csslint\\n\\","*/\\n\\","textarea {\\n\\","    font-family: monospace;\\n\\","    height: 10rem;\\n\\","    width: 100%;\\n\\","}\\n\\","textarea[readonly] {\\n\\","    background: #ddd;\\n\\","}\\n\\","</style>\\n\\","</head>\\n\\","<body>\\n\\","<!-- utility2-comment\\n\\","<div id=\"ajaxProgressDiv1\" style=\"background: #d00; height: 2px; left: 0; margin: 0; padding: 0; position: fixed; top: 0; transition: background 0.5s, width 1.5s; width: 25%;\"></div>\\n\\","utility2-comment -->\\n\\","<h1>\\n\\","<!-- utility2-comment\\n\\","    <a\\n\\","        {{#if env.npm_package_homepage}}\\n\\","        href=\"{{env.npm_package_homepage}}\"\\n\\","        {{/if env.npm_package_homepage}}\\n\\","        target=\"_blank\"\\n\\","    >\\n\\","utility2-comment -->\\n\\","        {{env.npm_package_name}} (v{{env.npm_package_version}})\\n\\","<!-- utility2-comment\\n\\","    </a>\\n\\","utility2-comment -->\\n\\","</h1>\\n\\","<h3>{{env.npm_package_description}}</h3>\\n\\","<!-- utility2-comment\\n\\","<h4><a download href=\"assets.app.js\">download standalone app</a></h4>\\n\\","<button class=\"onclick onreset\" id=\"testRunButton1\">run internal test</button><br>\\n\\","<div id=\"testReportDiv1\" style=\"display: none;\"></div>\\n\\","utility2-comment -->\\n\\","\\n\\","\\n\\","\\n\\","<label>stderr and stdout</label>\\n\\","<textarea class=\"resettable\" id=\"outputTextareaStdout1\" readonly></textarea>\\n\\","<!-- utility2-comment\\n\\","{{#if isRollup}}\\n\\","<script src=\"assets.app.js\"></script>\\n\\","{{#unless isRollup}}\\n\\","utility2-comment -->\\n\\","<script src=\"assets.utility2.rollup.js\"></script>\\n\\","<script src=\"jsonp.utility2._stateInit?callback=window.utility2._stateInit\"></script>\\n\\","<script src=\"assets.npmtest_lifx.rollup.js\"></script>\\n\\","<script src=\"assets.example.js\"></script>\\n\\","<script src=\"assets.test.js\"></script>\\n\\","<!-- utility2-comment\\n\\","{{/if isRollup}}\\n\\","utility2-comment -->\\n\\","<div class=\"utility2FooterDiv\">\\n\\","    [ this app was created with\\n\\","    <a href=\"https://github.com/kaizhu256/node-utility2\" target=\"_blank\">utility2</a>\\n\\","    ]\\n\\","</div>\\n\\","</body>\\n\\","</html>\\n\\","';","        /* jslint-ignore-end */","        if (local.templateRender) {","            local.assetsDict['/'] = local.templateRender(","                local.assetsDict['/assets.index.template.html'],","                {","                    env: local.objectSetDefault(local.env, {","                        npm_package_description: 'the greatest app in the world!',","                        npm_package_name: 'my-app',","                        npm_package_nameAlias: 'my_app',","                        npm_package_version: '0.0.1'","                    })","                }","            );","        } else {","            local.assetsDict['/'] = local.assetsDict['/assets.index.template.html']","                .replace((/\\{\\{env\\.(\\w+?)\\}\\}/g), function (match0, match1) {","                    // jslint-hack","                    String(match0);","                    switch (match1) {","                    case 'npm_package_description':","                        return 'the greatest app in the world!';","                    case 'npm_package_name':","                        return 'my-app';","                    case 'npm_package_nameAlias':","                        return 'my_app';","                    case 'npm_package_version':","                        return '0.0.1';","                    }","                });","        }","        // run the cli","        if (local.global.utility2_rollup || module !== require.main) {","            break;","        }","        local.assetsDict['/assets.example.js'] =","            local.assetsDict['/assets.example.js'] ||","            local.fs.readFileSync(__filename, 'utf8');","        // bug-workaround - long $npm_package_buildCustomOrg","        /* jslint-ignore-begin */","        local.assetsDict['/assets.npmtest_lifx.rollup.js'] =","            local.assetsDict['/assets.npmtest_lifx.rollup.js'] ||","            local.fs.readFileSync(","                local.npmtest_lifx.__dirname + '/lib.npmtest_lifx.js',","                'utf8'","            ).replace((/^#!/), '//');","        /* jslint-ignore-end */","        local.assetsDict['/favicon.ico'] = local.assetsDict['/favicon.ico'] || '';","        // if $npm_config_timeout_exit exists,","        // then exit this process after $npm_config_timeout_exit ms","        if (Number(process.env.npm_config_timeout_exit)) {","            setTimeout(process.exit, Number(process.env.npm_config_timeout_exit));","        }","        // start server","        if (local.global.utility2_serverHttp1) {","            break;","        }","        process.env.PORT = process.env.PORT || '8081';","        console.error('server starting on port ' + process.env.PORT);","        local.http.createServer(function (request, response) {","            request.urlParsed = local.url.parse(request.url);","            if (local.assetsDict[request.urlParsed.pathname] !== undefined) {","                response.end(local.assetsDict[request.urlParsed.pathname]);","                return;","            }","            response.statusCode = 404;","            response.end();","        }).listen(process.env.PORT);","        break;","    }","}());",""],"l":{"26":2,"28":2,"33":2,"35":2,"37":2,"38":2,"39":2,"44":1,"51":2,"55":2,"59":2,"61":2,"69":1,"70":2,"76":2,"79":2,"82":2,"83":2,"85":1,"89":2,"92":1,"93":1,"94":1,"96":1,"97":1,"100":1,"101":1,"103":1,"106":1,"108":2,"114":1,"116":1,"118":1,"123":1,"124":2,"125":2,"126":3,"127":3,"128":3,"129":3,"130":1,"133":3,"134":3,"139":3,"143":1,"144":3,"145":1,"149":1,"150":1,"158":1,"160":1,"161":1,"162":1,"164":1,"166":1,"258":1,"259":1,"271":1,"274":6,"275":6,"277":1,"279":2,"281":1,"283":2,"288":1,"289":1,"291":1,"296":1,"303":1,"306":1,"307":1,"310":1,"311":1,"313":1,"314":1,"315":1,"316":1,"317":1,"318":1,"319":1,"321":1,"322":1,"324":1}},"/home/travis/build/npmtest/node-npmtest-lifx/node_modules/lifx/lifx.js":{"path":"/home/travis/build/npmtest/node-npmtest-lifx/node_modules/lifx/lifx.js","s":{"1":1,"2":1,"3":1,"4":1,"5":1,"6":1,"7":1,"8":1,"9":1,"10":1,"11":1,"12":3,"13":3,"14":1,"15":3,"16":1,"17":3,"18":3,"19":3,"20":3,"21":3,"22":3,"23":3,"24":3,"25":3,"26":1,"27":1,"28":3,"29":3,"30":2,"31":2,"32":3,"33":12,"34":12,"35":0,"36":0,"37":0,"38":0,"39":3,"40":1,"41":1,"42":1,"43":12,"44":0,"45":12,"46":1,"47":1,"48":1,"49":12,"50":1,"51":0,"52":1,"53":3,"54":3,"55":0,"56":0,"57":0,"58":0,"59":0,"60":0,"61":0,"62":0,"63":0,"64":0,"65":0,"66":0,"67":0,"68":0,"69":0,"70":0,"71":0,"72":0,"73":0,"74":0,"75":0,"76":0,"77":0,"78":0,"79":0,"80":0,"81":0,"82":0,"83":0,"84":1,"85":3,"86":3,"87":0,"88":0,"89":0,"90":1,"91":0,"92":0,"93":1,"94":0,"95":0,"96":0,"97":0,"98":0,"99":0,"100":0,"101":0,"102":0,"103":0,"104":0,"105":0,"106":0,"107":0,"108":0,"109":0,"110":1,"111":0,"112":1,"113":0,"114":1,"115":0,"116":1,"117":0,"118":1,"119":0,"120":0,"121":0,"122":1,"123":0,"124":1,"125":0,"126":1,"127":3,"128":3,"129":3,"130":6,"131":6,"132":3},"b":{"1":[12,0],"2":[0,0],"3":[0,12],"4":[0,0,0,0,0,0],"5":[0,0],"6":[0,0],"7":[0,0],"8":[0,0],"9":[0,0],"10":[0,0],"11":[0,0],"12":[0,0],"13":[0,0]},"f":{"1":3,"2":1,"3":3,"4":3,"5":2,"6":12,"7":1,"8":12,"9":12,"10":1,"11":12,"12":0,"13":3,"14":0,"15":3,"16":0,"17":0,"18":0,"19":0,"20":0,"21":0,"22":0,"23":0,"24":0,"25":0,"26":0,"27":3},"fnMap":{"1":{"name":"init","line":14,"loc":{"start":{"line":14,"column":0},"end":{"line":14,"column":16}}},"2":{"name":"(anonymous_2)","line":16,"loc":{"start":{"line":16,"column":15},"end":{"line":16,"column":26}}},"3":{"name":"Lifx","line":22,"loc":{"start":{"line":22,"column":0},"end":{"line":22,"column":16}}},"4":{"name":"(anonymous_4)","line":35,"loc":{"start":{"line":35,"column":30},"end":{"line":35,"column":41}}},"5":{"name":"(anonymous_5)","line":37,"loc":{"start":{"line":37,"column":28},"end":{"line":37,"column":43}}},"6":{"name":"(anonymous_6)","line":41,"loc":{"start":{"line":41,"column":30},"end":{"line":41,"column":52}}},"7":{"name":"(anonymous_7)","line":50,"loc":{"start":{"line":50,"column":38},"end":{"line":50,"column":49}}},"8":{"name":"(anonymous_8)","line":56,"loc":{"start":{"line":56,"column":29},"end":{"line":56,"column":62}}},"9":{"name":"(anonymous_9)","line":58,"loc":{"start":{"line":58,"column":63},"end":{"line":58,"column":84}}},"10":{"name":"(anonymous_10)","line":62,"loc":{"start":{"line":62,"column":32},"end":{"line":62,"column":51}}},"11":{"name":"(anonymous_11)","line":65,"loc":{"start":{"line":65,"column":32},"end":{"line":65,"column":43}}},"12":{"name":"(anonymous_12)","line":70,"loc":{"start":{"line":70,"column":31},"end":{"line":70,"column":42}}},"13":{"name":"(anonymous_13)","line":74,"loc":{"start":{"line":74,"column":38},"end":{"line":74,"column":49}}},"14":{"name":"(anonymous_14)","line":77,"loc":{"start":{"line":77,"column":22},"end":{"line":77,"column":43}}},"15":{"name":"(anonymous_15)","line":147,"loc":{"start":{"line":147,"column":39},"end":{"line":147,"column":50}}},"16":{"name":"(anonymous_16)","line":149,"loc":{"start":{"line":149,"column":20},"end":{"line":149,"column":33}}},"17":{"name":"(anonymous_17)","line":159,"loc":{"start":{"line":159,"column":23},"end":{"line":159,"column":34}}},"18":{"name":"(anonymous_18)","line":165,"loc":{"start":{"line":165,"column":33},"end":{"line":165,"column":57}}},"19":{"name":"(anonymous_19)","line":191,"loc":{"start":{"line":191,"column":23},"end":{"line":191,"column":40}}},"20":{"name":"(anonymous_20)","line":198,"loc":{"start":{"line":198,"column":27},"end":{"line":198,"column":45}}},"21":{"name":"(anonymous_21)","line":202,"loc":{"start":{"line":202,"column":27},"end":{"line":202,"column":51}}},"22":{"name":"(anonymous_22)","line":209,"loc":{"start":{"line":209,"column":26},"end":{"line":209,"column":41}}},"23":{"name":"(anonymous_23)","line":214,"loc":{"start":{"line":214,"column":27},"end":{"line":214,"column":42}}},"24":{"name":"(anonymous_24)","line":220,"loc":{"start":{"line":220,"column":30},"end":{"line":220,"column":78}}},"25":{"name":"(anonymous_25)","line":227,"loc":{"start":{"line":227,"column":31},"end":{"line":227,"column":42}}},"26":{"name":"(anonymous_26)","line":234,"loc":{"start":{"line":234,"column":10},"end":{"line":234,"column":21}}},"27":{"name":"getMyIPs","line":238,"loc":{"start":{"line":238,"column":0},"end":{"line":238,"column":20}}}},"statementMap":{"1":{"start":{"line":1,"column":0},"end":{"line":1,"column":30}},"2":{"start":{"line":2,"column":0},"end":{"line":2,"column":28}},"3":{"start":{"line":3,"column":0},"end":{"line":3,"column":29}},"4":{"start":{"line":4,"column":0},"end":{"line":4,"column":31}},"5":{"start":{"line":5,"column":0},"end":{"line":5,"column":30}},"6":{"start":{"line":6,"column":0},"end":{"line":6,"column":27}},"7":{"start":{"line":7,"column":0},"end":{"line":7,"column":35}},"8":{"start":{"line":8,"column":0},"end":{"line":8,"column":33}},"9":{"start":{"line":10,"column":0},"end":{"line":10,"column":17}},"10":{"start":{"line":12,"column":0},"end":{"line":12,"column":18}},"11":{"start":{"line":14,"column":0},"end":{"line":20,"column":1}},"12":{"start":{"line":15,"column":1},"end":{"line":15,"column":20}},"13":{"start":{"line":16,"column":1},"end":{"line":18,"column":4}},"14":{"start":{"line":17,"column":2},"end":{"line":17,"column":25}},"15":{"start":{"line":19,"column":1},"end":{"line":19,"column":10}},"16":{"start":{"line":22,"column":0},"end":{"line":32,"column":1}},"17":{"start":{"line":23,"column":1},"end":{"line":23,"column":32}},"18":{"start":{"line":24,"column":1},"end":{"line":24,"column":20}},"19":{"start":{"line":25,"column":1},"end":{"line":25,"column":17}},"20":{"start":{"line":26,"column":1},"end":{"line":26,"column":45}},"21":{"start":{"line":27,"column":1},"end":{"line":27,"column":25}},"22":{"start":{"line":28,"column":1},"end":{"line":28,"column":29}},"23":{"start":{"line":29,"column":1},"end":{"line":29,"column":21}},"24":{"start":{"line":30,"column":1},"end":{"line":30,"column":29}},"25":{"start":{"line":31,"column":1},"end":{"line":31,"column":30}},"26":{"start":{"line":33,"column":0},"end":{"line":33,"column":63}},"27":{"start":{"line":35,"column":0},"end":{"line":54,"column":1}},"28":{"start":{"line":36,"column":1},"end":{"line":36,"column":17}},"29":{"start":{"line":37,"column":1},"end":{"line":40,"column":4}},"30":{"start":{"line":38,"column":2},"end":{"line":38,"column":40}},"31":{"start":{"line":39,"column":2},"end":{"line":39,"column":26}},"32":{"start":{"line":41,"column":1},"end":{"line":49,"column":4}},"33":{"start":{"line":43,"column":2},"end":{"line":45,"column":3}},"34":{"start":{"line":44,"column":3},"end":{"line":44,"column":10}},"35":{"start":{"line":46,"column":2},"end":{"line":46,"column":55}},"36":{"start":{"line":46,"column":13},"end":{"line":46,"column":55}},"37":{"start":{"line":47,"column":2},"end":{"line":47,"column":34}},"38":{"start":{"line":48,"column":2},"end":{"line":48,"column":37}},"39":{"start":{"line":50,"column":1},"end":{"line":53,"column":4}},"40":{"start":{"line":51,"column":2},"end":{"line":51,"column":36}},"41":{"start":{"line":52,"column":2},"end":{"line":52,"column":21}},"42":{"start":{"line":56,"column":0},"end":{"line":60,"column":1}},"43":{"start":{"line":57,"column":1},"end":{"line":57,"column":57}},"44":{"start":{"line":57,"column":12},"end":{"line":57,"column":57}},"45":{"start":{"line":58,"column":1},"end":{"line":59,"column":4}},"46":{"start":{"line":62,"column":0},"end":{"line":68,"column":2}},"47":{"start":{"line":64,"column":1},"end":{"line":64,"column":17}},"48":{"start":{"line":65,"column":1},"end":{"line":67,"column":14}},"49":{"start":{"line":66,"column":2},"end":{"line":66,"column":68}},"50":{"start":{"line":70,"column":0},"end":{"line":72,"column":2}},"51":{"start":{"line":71,"column":1},"end":{"line":71,"column":33}},"52":{"start":{"line":74,"column":0},"end":{"line":145,"column":2}},"53":{"start":{"line":75,"column":1},"end":{"line":75,"column":17}},"54":{"start":{"line":77,"column":1},"end":{"line":143,"column":4}},"55":{"start":{"line":78,"column":16},"end":{"line":78,"column":43}},"56":{"start":{"line":80,"column":2},"end":{"line":142,"column":3}},"57":{"start":{"line":84,"column":4},"end":{"line":96,"column":5}},"58":{"start":{"line":85,"column":5},"end":{"line":89,"column":8}},"59":{"start":{"line":91,"column":5},"end":{"line":95,"column":6}},"60":{"start":{"line":93,"column":6},"end":{"line":93,"column":32}},"61":{"start":{"line":94,"column":6},"end":{"line":94,"column":31}},"62":{"start":{"line":97,"column":4},"end":{"line":97,"column":10}},"63":{"start":{"line":101,"column":4},"end":{"line":101,"column":68}},"64":{"start":{"line":102,"column":4},"end":{"line":109,"column":5}},"65":{"start":{"line":103,"column":5},"end":{"line":103,"column":30}},"66":{"start":{"line":106,"column":5},"end":{"line":106,"column":92}},"67":{"start":{"line":107,"column":5},"end":{"line":107,"column":50}},"68":{"start":{"line":108,"column":5},"end":{"line":108,"column":29}},"69":{"start":{"line":112,"column":32},"end":{"line":118,"column":47}},"70":{"start":{"line":119,"column":4},"end":{"line":119,"column":33}},"71":{"start":{"line":120,"column":4},"end":{"line":120,"column":10}},"72":{"start":{"line":123,"column":4},"end":{"line":123,"column":77}},"73":{"start":{"line":124,"column":4},"end":{"line":124,"column":33}},"74":{"start":{"line":125,"column":4},"end":{"line":125,"column":10}},"75":{"start":{"line":128,"column":4},"end":{"line":128,"column":66}},"76":{"start":{"line":129,"column":4},"end":{"line":129,"column":33}},"77":{"start":{"line":130,"column":4},"end":{"line":130,"column":10}},"78":{"start":{"line":133,"column":4},"end":{"line":133,"column":10}},"79":{"start":{"line":136,"column":4},"end":{"line":139,"column":5}},"80":{"start":{"line":137,"column":5},"end":{"line":137,"column":75}},"81":{"start":{"line":138,"column":5},"end":{"line":138,"column":30}},"82":{"start":{"line":140,"column":4},"end":{"line":140,"column":29}},"83":{"start":{"line":141,"column":4},"end":{"line":141,"column":10}},"84":{"start":{"line":147,"column":0},"end":{"line":157,"column":2}},"85":{"start":{"line":148,"column":1},"end":{"line":148,"column":17}},"86":{"start":{"line":149,"column":1},"end":{"line":156,"column":4}},"87":{"start":{"line":151,"column":2},"end":{"line":151,"column":73}},"88":{"start":{"line":154,"column":2},"end":{"line":154,"column":23}},"89":{"start":{"line":155,"column":2},"end":{"line":155,"column":29}},"90":{"start":{"line":159,"column":0},"end":{"line":163,"column":2}},"91":{"start":{"line":161,"column":1},"end":{"line":161,"column":22}},"92":{"start":{"line":162,"column":1},"end":{"line":162,"column":24}},"93":{"start":{"line":165,"column":0},"end":{"line":196,"column":2}},"94":{"start":{"line":166,"column":1},"end":{"line":166,"column":17}},"95":{"start":{"line":170,"column":1},"end":{"line":170,"column":24}},"96":{"start":{"line":172,"column":1},"end":{"line":189,"column":2}},"97":{"start":{"line":174,"column":2},"end":{"line":187,"column":3}},"98":{"start":{"line":175,"column":3},"end":{"line":175,"column":22}},"99":{"start":{"line":176,"column":9},"end":{"line":187,"column":3}},"100":{"start":{"line":177,"column":3},"end":{"line":177,"column":27}},"101":{"start":{"line":180,"column":3},"end":{"line":180,"column":27}},"102":{"start":{"line":181,"column":3},"end":{"line":186,"column":4}},"103":{"start":{"line":182,"column":4},"end":{"line":182,"column":25}},"104":{"start":{"line":185,"column":4},"end":{"line":185,"column":34}},"105":{"start":{"line":188,"column":2},"end":{"line":188,"column":31}},"106":{"start":{"line":191,"column":1},"end":{"line":195,"column":4}},"107":{"start":{"line":192,"column":2},"end":{"line":192,"column":28}},"108":{"start":{"line":193,"column":2},"end":{"line":193,"column":32}},"109":{"start":{"line":194,"column":2},"end":{"line":194,"column":44}},"110":{"start":{"line":198,"column":0},"end":{"line":200,"column":2}},"111":{"start":{"line":199,"column":1},"end":{"line":199,"column":31}},"112":{"start":{"line":202,"column":0},"end":{"line":204,"column":2}},"113":{"start":{"line":203,"column":1},"end":{"line":203,"column":37}},"114":{"start":{"line":209,"column":0},"end":{"line":211,"column":2}},"115":{"start":{"line":210,"column":1},"end":{"line":210,"column":82}},"116":{"start":{"line":214,"column":0},"end":{"line":216,"column":2}},"117":{"start":{"line":215,"column":1},"end":{"line":215,"column":79}},"118":{"start":{"line":220,"column":0},"end":{"line":224,"column":2}},"119":{"start":{"line":221,"column":1},"end":{"line":221,"column":100}},"120":{"start":{"line":222,"column":1},"end":{"line":222,"column":45}},"121":{"start":{"line":223,"column":1},"end":{"line":223,"column":37}},"122":{"start":{"line":227,"column":0},"end":{"line":229,"column":2}},"123":{"start":{"line":228,"column":1},"end":{"line":228,"column":46}},"124":{"start":{"line":231,"column":0},"end":{"line":235,"column":2}},"125":{"start":{"line":234,"column":22},"end":{"line":234,"column":30}},"126":{"start":{"line":238,"column":0},"end":{"line":247,"column":1}},"127":{"start":{"line":239,"column":1},"end":{"line":239,"column":14}},"128":{"start":{"line":240,"column":1},"end":{"line":240,"column":34}},"129":{"start":{"line":241,"column":1},"end":{"line":245,"column":2}},"130":{"start":{"line":242,"column":2},"end":{"line":244,"column":3}},"131":{"start":{"line":243,"column":3},"end":{"line":243,"column":31}},"132":{"start":{"line":246,"column":1},"end":{"line":246,"column":12}}},"branchMap":{"1":{"line":43,"type":"if","locations":[{"start":{"line":43,"column":2},"end":{"line":43,"column":2}},{"start":{"line":43,"column":2},"end":{"line":43,"column":2}}]},"2":{"line":46,"type":"if","locations":[{"start":{"line":46,"column":2},"end":{"line":46,"column":2}},{"start":{"line":46,"column":2},"end":{"line":46,"column":2}}]},"3":{"line":57,"type":"if","locations":[{"start":{"line":57,"column":1},"end":{"line":57,"column":1}},{"start":{"line":57,"column":1},"end":{"line":57,"column":1}}]},"4":{"line":80,"type":"switch","locations":[{"start":{"line":82,"column":3},"end":{"line":97,"column":10}},{"start":{"line":99,"column":3},"end":{"line":120,"column":10}},{"start":{"line":122,"column":3},"end":{"line":125,"column":10}},{"start":{"line":127,"column":3},"end":{"line":130,"column":10}},{"start":{"line":132,"column":3},"end":{"line":133,"column":10}},{"start":{"line":135,"column":3},"end":{"line":141,"column":10}}]},"5":{"line":84,"type":"if","locations":[{"start":{"line":84,"column":4},"end":{"line":84,"column":4}},{"start":{"line":84,"column":4},"end":{"line":84,"column":4}}]},"6":{"line":84,"type":"binary-expr","locations":[{"start":{"line":84,"column":8},"end":{"line":84,"column":32}},{"start":{"line":84,"column":36},"end":{"line":84,"column":56}}]},"7":{"line":91,"type":"if","locations":[{"start":{"line":91,"column":5},"end":{"line":91,"column":5}},{"start":{"line":91,"column":5},"end":{"line":91,"column":5}}]},"8":{"line":102,"type":"if","locations":[{"start":{"line":102,"column":4},"end":{"line":102,"column":4}},{"start":{"line":102,"column":4},"end":{"line":102,"column":4}}]},"9":{"line":136,"type":"if","locations":[{"start":{"line":136,"column":4},"end":{"line":136,"column":4}},{"start":{"line":136,"column":4},"end":{"line":136,"column":4}}]},"10":{"line":172,"type":"if","locations":[{"start":{"line":172,"column":1},"end":{"line":172,"column":1}},{"start":{"line":172,"column":1},"end":{"line":172,"column":1}}]},"11":{"line":174,"type":"if","locations":[{"start":{"line":174,"column":2},"end":{"line":174,"column":2}},{"start":{"line":174,"column":2},"end":{"line":174,"column":2}}]},"12":{"line":176,"type":"if","locations":[{"start":{"line":176,"column":9},"end":{"line":176,"column":9}},{"start":{"line":176,"column":9},"end":{"line":176,"column":9}}]},"13":{"line":181,"type":"if","locations":[{"start":{"line":181,"column":3},"end":{"line":181,"column":3}},{"start":{"line":181,"column":3},"end":{"line":181,"column":3}}]}},"code":["var dgram  = require('dgram');","var net    = require('net');","var util   = require('util');","var events = require('events');","var clone  = require('clone');","var os     = require('os');","var _      = require('underscore');","var packet = require('./packet');","","var port = 56700;","","var debug = false;","","function init() {","\tvar l = new Lifx();","\tl.on('ready', function() {","\t\tl.startDiscovery(1000);","\t});","\treturn l;","}","","function Lifx() {","\tevents.EventEmitter.call(this);","\tthis.gateways = {};     // hash of gateway ids to gateway objects","\tthis.bulbs = {};        // hash of bulb ids to bulb objects","\tthis.udpClient = dgram.createSocket(\"udp4\");","\tthis._intervalID = null;","\tthis._localIPs = getMyIPs();","\tthis._initNetwork();","\tthis._setupPacketListener();","\tthis._setupGatewayListener();","}","require('util').inherits(Lifx, require('events').EventEmitter);","","Lifx.prototype._initNetwork = function() {","\tvar self = this;","\tthis.udpClient.on(\"error\", function (err) {","\t\tconsole.error(\"*** UDP error \" + err);","\t\tself.emit('error', err);","\t});","\tthis.udpClient.on(\"message\", function (msg, rinfo) {","\t\t// Check it didn't come from us","\t\tif (self._localIPs.indexOf(rinfo.address) > -1) {","\t\t\treturn;","\t\t}","\t\tif (debug) console.log(\" U- \" + msg.toString(\"hex\"));","\t\tvar pkt = packet.fromBytes(msg);","\t\tself.emit('rawpacket', pkt, rinfo);","\t});","\tthis.udpClient.bind(port, \"0.0.0.0\", function() {","\t\tself.udpClient.setBroadcast(true);","\t\tself.emit('ready');","\t});","}","","Lifx.prototype._sendPacket = function(dstIp, dstPort, packet) {","\tif (debug) console.log(\" U+ \" + packet.toString(\"hex\"));","\tthis.udpClient.send(packet, 0, packet.length, dstPort, dstIp, function(err, bytes) {/* jshint unused: false */","\t});","}","","Lifx.prototype.startDiscovery = function(interval) {","\t// Now send the discovery packets","\tvar self = this;","\tthis._intervalID = setInterval(function() {","\t\tself._sendPacket(\"255.255.255.255\", port, packet.getPanGateway());","\t}, interval);","};","","Lifx.prototype.stopDiscovery = function() {","\tclearInterval(this._intervalID);","};","","Lifx.prototype._setupPacketListener = function() {","\tvar self = this;","","\tthis.on('rawpacket', function(pkt, rinfo) {","                var bulb, found = false, i;","","\t\tswitch (pkt.packetTypeShortName) {","","\t\t\tcase 'panGateway':","\t\t\t\t// Got a notification of a gateway.  Check if it's new, using valid UDP, and if it is then handle accordingly","\t\t\t\tif (pkt.payload.service == 1 && pkt.payload.port > 0) {","\t\t\t\t\tvar gw = {ip:rinfo.address, port:pkt.payload.port, site:pkt.preamble.site, ","\t\t\t\t\t\t\tservice: pkt.payload.service,","\t\t\t\t\t\t\tprotocol: pkt.preamble.protocol,","\t\t\t\t\t\t\tbulbAddress: pkt.preamble.bulbAddress.toString(\"hex\")","\t\t\t\t\t\t};","\t\t\t\t\t","\t\t\t\t\tif (!self.gateways[gw.ip]) {","\t\t\t\t\t\t//console.log(JSON.stringify(gw));","\t\t\t\t\t\tself.gateways[gw.ip] = gw;","\t\t\t\t\t\tself.emit('gateway', gw);","\t\t\t\t\t}","\t\t\t\t}","\t\t\t\tbreak;","","\t\t\tcase 'lightStatus':","\t\t\t\t// Got a notification of a light's status.  Check if it's a new light, and handle it accordingly.","\t\t\t\tvar bulb = self.bulbs[pkt.preamble.bulbAddress.toString('hex')];","\t\t\t\tif (bulb) {","\t\t\t\t\tbulb.state = pkt.payload;","\t\t\t\t}","\t\t\t\telse {","\t\t\t\t\tbulb = {addr:pkt.preamble.bulbAddress, name:pkt.payload.bulbLabel, state: pkt.payload};","\t\t\t\t\tself.bulbs[bulb.addr.toString('hex')] = bulb;","\t\t\t\t\tself.emit('bulb', bulb);","\t\t\t\t}","","\t\t\t\t// Even if it's not new, emit updated info about the state of the bulb","                                bulb.state = { hue:        pkt.payload.hue,","                                               saturation: pkt.payload.saturation,","                                               brightness: pkt.payload.brightness,","                                               kelvin:     pkt.payload.kelvin,","                                               dim:        pkt.payload.dim,","                                               power:      pkt.payload.power,","                                             };","\t\t\t\tself.emit('bulbstate', bulb);","\t\t\t\tbreak;","","\t\t\tcase 'powerState':","\t\t\t\tbulb = {addr:pkt.preamble.bulbAddress, state: {power: pkt.payload.onoff}}","\t\t\t\tself.emit('bulbpower', bulb);","\t\t\t\tbreak;","","\t\t\tcase 'bulbLabel':","\t\t\t\tbulb = {addr:pkt.preamble.bulbAddress, name:pkt.payload.label}","\t\t\t\tself.emit('bulblabel', bulb);","\t\t\t\tbreak;","","\t\t\tcase 'getPanGateway':","\t\t\t\tbreak;","","\t\t\tdefault:","\t\t\t\tif (debug) {","\t\t\t\t\tconsole.log('Unhandled packet of type ['+pkt.packetTypeShortName+']');","\t\t\t\t\tconsole.log(pkt.payload);","\t\t\t\t}","\t\t\t\tself.emit('packet', pkt);","\t\t\t\tbreak;","\t\t}","\t});","","};","","Lifx.prototype._setupGatewayListener = function() {","\tvar self = this;","\tself.on('gateway', function(gw) {","\t\t// Ask the gateway for new bulbs","\t\tself._sendPacket(gw.ip, gw.port, packet.getLightState({site:gw.site}));","","\t\t// Also slow down the discovery packets, to be polite to the network","\t\tself.stopDiscovery();","\t\tself.startDiscovery(10000);","\t});","};","","Lifx.prototype.close = function() {","\t// Remove things from the event loop and clean up","\tthis.stopDiscovery();","\tthis.udpClient.close();","};","","Lifx.prototype._sendToOneOrAll = function(command, bulb) {","\tvar self = this;","\t","//\tvar gw = this.gateways[\"192.168.0.103\"];","\t","\tvar bulbAddress = null;","","\tif (typeof bulb != 'undefined') {","\t\t// Overwrite the bulb address here","\t\tif (Buffer.isBuffer(bulb)) {","\t\t\tbulbAddress = bulb;","\t\t} else if (typeof bulb.addr != 'undefined') {","\t\t\tbulbAddress = bulb.addr;","\t\t} else {","\t\t\t// Check if it's a hex string of a known bulb addr","\t\t\tvar b = self.bulbs[bulb]","\t\t\tif (b) {","\t\t\t\tbulbAddress = b.addr;","\t\t\t}","\t\t\telse {","\t\t\t\tthrow \"Unknown bulb: \" + bulb;","\t\t\t}","\t\t}","\t\tbulbAddress.copy(command, 8);","\t}","","\t_(this.gateways).each(function(gw, ip) {","\t\tvar siteAddress = gw.site;","\t\tsiteAddress.copy(command, 16);","\t\tself._sendPacket(gw.ip, gw.port, command);","\t});","};","","Lifx.prototype.sendToAll = function(command) {","\tthis._sendToOneOrAll(command);","};","","Lifx.prototype.sendToOne = function(command, bulb) {","\tthis._sendToOneOrAll(command, bulb);","};","","/////////// Fun methods ////////////","","// Turn lights on","Lifx.prototype.lightsOn = function(bulb) {","\tthis._sendToOneOrAll(packet.setPowerState({onoff:0xff, protocol: 0x1400}), bulb);","};","","// Turn lights off","Lifx.prototype.lightsOff = function(bulb) {","\tthis._sendToOneOrAll(packet.setPowerState({onoff:0, protocol: 0x1400}), bulb);","};","","// Set bulbs to a particular colour","// Pass in 16-bit numbers for each param - they will be byte shuffled as appropriate","Lifx.prototype.lightsColour = function(hue, sat, lum, whitecol, timing, bulb) {","\tvar params = {stream:0, hue:hue, saturation:sat, brightness:lum, kelvin:whitecol, fadeTime:timing};","\tvar message = packet.setLightColour(params);","\tthis._sendToOneOrAll(message, bulb);","};","","// Request status from bulbs","Lifx.prototype.requestStatus = function() {","\tthis._sendToOneOrAll(packet.getLightState());","};","","module.exports = {","\tinit:init,","        packet:packet,","\tsetDebug:function(d){debug=d;}","};","","// Utility method to get a list of local IP addresses","function getMyIPs() {","\tvar ips = [];","\tvar ifs = os.networkInterfaces();","\tfor (var i in ifs) {","\t\tfor (var j in ifs[i]) {","\t\t\tips.push(ifs[i][j].address);","\t\t}","\t}","\treturn ips;","}",""],"l":{"1":1,"2":1,"3":1,"4":1,"5":1,"6":1,"7":1,"8":1,"10":1,"12":1,"14":1,"15":3,"16":3,"17":1,"19":3,"22":1,"23":3,"24":3,"25":3,"26":3,"27":3,"28":3,"29":3,"30":3,"31":3,"33":1,"35":1,"36":3,"37":3,"38":2,"39":2,"41":3,"43":12,"44":12,"46":0,"47":0,"48":0,"50":3,"51":1,"52":1,"56":1,"57":12,"58":12,"62":1,"64":1,"65":1,"66":12,"70":1,"71":0,"74":1,"75":3,"77":3,"78":0,"80":0,"84":0,"85":0,"91":0,"93":0,"94":0,"97":0,"101":0,"102":0,"103":0,"106":0,"107":0,"108":0,"112":0,"119":0,"120":0,"123":0,"124":0,"125":0,"128":0,"129":0,"130":0,"133":0,"136":0,"137":0,"138":0,"140":0,"141":0,"147":1,"148":3,"149":3,"151":0,"154":0,"155":0,"159":1,"161":0,"162":0,"165":1,"166":0,"170":0,"172":0,"174":0,"175":0,"176":0,"177":0,"180":0,"181":0,"182":0,"185":0,"188":0,"191":0,"192":0,"193":0,"194":0,"198":1,"199":0,"202":1,"203":0,"209":1,"210":0,"214":1,"215":0,"220":1,"221":0,"222":0,"223":0,"227":1,"228":0,"231":1,"234":0,"238":1,"239":3,"240":3,"241":3,"242":6,"243":6,"246":3}},"/home/travis/build/npmtest/node-npmtest-lifx/node_modules/lifx/packet.js":{"path":"/home/travis/build/npmtest/node-npmtest-lifx/node_modules/lifx/packet.js","s":{"1":1,"2":1,"3":1,"4":55,"5":55,"6":55,"7":12,"8":12,"9":12,"10":12,"11":1,"12":0,"13":0,"14":0,"15":0,"16":0,"17":0,"18":0,"19":0,"20":0,"21":0,"22":0,"23":0,"24":0,"25":0,"26":0,"27":0,"28":1,"29":12,"30":0,"31":0,"32":12,"33":12,"34":12,"35":12,"36":12,"37":12,"38":12,"39":12,"40":12,"41":12,"42":0,"43":0,"44":12,"45":12,"46":120,"47":120,"48":120,"49":12,"50":12,"51":12,"52":12,"53":0,"54":12,"55":24,"56":24,"57":0,"58":24,"59":60,"60":60,"61":60,"62":12,"63":12,"64":120,"65":120,"66":12,"67":1,"68":0,"69":0,"70":0,"71":0,"72":0,"73":36,"74":0,"75":0,"76":0,"77":0,"78":0,"79":0,"80":12,"81":0,"82":0,"83":0,"84":0,"85":0,"86":0,"87":0,"88":0,"89":36,"90":0,"91":0,"92":0,"93":0,"94":0,"95":0,"96":0,"97":0,"98":0,"99":0,"100":0,"101":0,"102":12,"103":0,"104":0,"105":24,"106":0,"107":0,"108":0,"109":0,"110":0,"111":0,"112":0,"113":0,"114":0,"115":0,"116":0,"117":0,"118":0,"119":1,"120":1,"121":1,"122":1},"b":{"1":[12,0],"2":[0,0],"3":[0,12],"4":[12,0],"5":[12,12,12,24,12,24,36,48,60,12],"6":[12,0],"7":[24,0],"8":[0,0]},"f":{"1":1,"2":55,"3":12,"4":0,"5":12,"6":0,"7":0,"8":0,"9":0,"10":0,"11":36,"12":0,"13":0,"14":0,"15":0,"16":0,"17":12,"18":0,"19":0,"20":0,"21":0,"22":0,"23":36,"24":0,"25":0,"26":0,"27":0,"28":0,"29":12,"30":0,"31":24,"32":0,"33":0,"34":0,"35":0,"36":0,"37":0},"fnMap":{"1":{"name":"(anonymous_1)","line":4,"loc":{"start":{"line":4,"column":18},"end":{"line":4,"column":29}}},"2":{"name":"(anonymous_2)","line":7,"loc":{"start":{"line":7,"column":26},"end":{"line":7,"column":40}}},"3":{"name":"(anonymous_3)","line":8,"loc":{"start":{"line":8,"column":10},"end":{"line":8,"column":22}}},"4":{"name":"(anonymous_4)","line":19,"loc":{"start":{"line":19,"column":19},"end":{"line":19,"column":31}}},"5":{"name":"(anonymous_5)","line":47,"loc":{"start":{"line":47,"column":20},"end":{"line":47,"column":32}}},"6":{"name":"(anonymous_6)","line":119,"loc":{"start":{"line":119,"column":9},"end":{"line":119,"column":28}}},"7":{"name":"(anonymous_7)","line":122,"loc":{"start":{"line":122,"column":11},"end":{"line":122,"column":33}}},"8":{"name":"(anonymous_8)","line":128,"loc":{"start":{"line":128,"column":9},"end":{"line":128,"column":28}}},"9":{"name":"(anonymous_9)","line":131,"loc":{"start":{"line":131,"column":11},"end":{"line":131,"column":33}}},"10":{"name":"(anonymous_10)","line":137,"loc":{"start":{"line":137,"column":9},"end":{"line":137,"column":28}}},"11":{"name":"(anonymous_11)","line":140,"loc":{"start":{"line":140,"column":11},"end":{"line":140,"column":33}}},"12":{"name":"(anonymous_12)","line":146,"loc":{"start":{"line":146,"column":9},"end":{"line":146,"column":28}}},"13":{"name":"(anonymous_13)","line":149,"loc":{"start":{"line":149,"column":11},"end":{"line":149,"column":33}}},"14":{"name":"(anonymous_14)","line":155,"loc":{"start":{"line":155,"column":9},"end":{"line":155,"column":28}}},"15":{"name":"(anonymous_15)","line":158,"loc":{"start":{"line":158,"column":11},"end":{"line":158,"column":33}}},"16":{"name":"(anonymous_16)","line":164,"loc":{"start":{"line":164,"column":9},"end":{"line":164,"column":28}}},"17":{"name":"(anonymous_17)","line":168,"loc":{"start":{"line":168,"column":11},"end":{"line":168,"column":33}}},"18":{"name":"(anonymous_18)","line":174,"loc":{"start":{"line":174,"column":9},"end":{"line":174,"column":28}}},"19":{"name":"(anonymous_19)","line":178,"loc":{"start":{"line":178,"column":11},"end":{"line":178,"column":33}}},"20":{"name":"(anonymous_20)","line":184,"loc":{"start":{"line":184,"column":9},"end":{"line":184,"column":28}}},"21":{"name":"(anonymous_21)","line":188,"loc":{"start":{"line":188,"column":11},"end":{"line":188,"column":33}}},"22":{"name":"(anonymous_22)","line":194,"loc":{"start":{"line":194,"column":9},"end":{"line":194,"column":28}}},"23":{"name":"(anonymous_23)","line":198,"loc":{"start":{"line":198,"column":11},"end":{"line":198,"column":33}}},"24":{"name":"(anonymous_24)","line":204,"loc":{"start":{"line":204,"column":9},"end":{"line":204,"column":28}}},"25":{"name":"(anonymous_25)","line":208,"loc":{"start":{"line":208,"column":11},"end":{"line":208,"column":33}}},"26":{"name":"(anonymous_26)","line":215,"loc":{"start":{"line":215,"column":9},"end":{"line":215,"column":28}}},"27":{"name":"(anonymous_27)","line":221,"loc":{"start":{"line":221,"column":11},"end":{"line":221,"column":33}}},"28":{"name":"(anonymous_28)","line":228,"loc":{"start":{"line":228,"column":9},"end":{"line":228,"column":28}}},"29":{"name":"(anonymous_29)","line":232,"loc":{"start":{"line":232,"column":11},"end":{"line":232,"column":33}}},"30":{"name":"(anonymous_30)","line":238,"loc":{"start":{"line":238,"column":9},"end":{"line":238,"column":28}}},"31":{"name":"(anonymous_31)","line":242,"loc":{"start":{"line":242,"column":11},"end":{"line":242,"column":33}}},"32":{"name":"(anonymous_32)","line":248,"loc":{"start":{"line":248,"column":9},"end":{"line":248,"column":28}}},"33":{"name":"(anonymous_33)","line":252,"loc":{"start":{"line":252,"column":11},"end":{"line":252,"column":33}}},"34":{"name":"
[...]
ability = tinycolor.readability(color1, color2);","        return readability.brightness > 125 && readability.color > 500;","    };","","    // `mostReadable`","    // Given a base color and a list of possible foreground or background","    // colors for that base, returns the most readable color.","    // *Example*","    //    tinycolor.mostReadable(\"#123\", [\"#fff\", \"#000\"]) => \"#000\"","    tinycolor.mostReadable = function(baseColor, colorList) {","        var bestColor = null;","        var bestScore = 0;","        var bestIsReadable = false;","        for (var i=0; i < colorList.length; i++) {","","            // We normalize both around the \"acceptable\" breaking point,","            // but rank brightness constrast higher than hue.","","            var readability = tinycolor.readability(baseColor, colorList[i]);","            var readable = readability.brightness > 125 && readability.color > 500;","            var score = 3 * (readability.brightness / 125) + (readability.color / 500);","","            if ((readable && ! bestIsReadable) ||","                (readable && bestIsReadable && score > bestScore) ||","                ((! readable) && (! bestIsReadable) && score > bestScore)) {","                bestIsReadable = readable;","                bestScore = score;","                bestColor = tinycolor(colorList[i]);","            }","        }","        return bestColor;","    };","","","    // Big List of Colors","    // ------------------","    // <http://www.w3.org/TR/css3-color/#svg-color>","    var names = tinycolor.names = {","        aliceblue: \"f0f8ff\",","        antiquewhite: \"faebd7\",","        aqua: \"0ff\",","        aquamarine: \"7fffd4\",","        azure: \"f0ffff\",","        beige: \"f5f5dc\",","        bisque: \"ffe4c4\",","        black: \"000\",","        blanchedalmond: \"ffebcd\",","        blue: \"00f\",","        blueviolet: \"8a2be2\",","        brown: \"a52a2a\",","        burlywood: \"deb887\",","        burntsienna: \"ea7e5d\",","        cadetblue: \"5f9ea0\",","        chartreuse: \"7fff00\",","        chocolate: \"d2691e\",","        coral: \"ff7f50\",","        cornflowerblue: \"6495ed\",","        cornsilk: \"fff8dc\",","        crimson: \"dc143c\",","        cyan: \"0ff\",","        darkblue: \"00008b\",","        darkcyan: \"008b8b\",","        darkgoldenrod: \"b8860b\",","        darkgray: \"a9a9a9\",","        darkgreen: \"006400\",","        darkgrey: \"a9a9a9\",","        darkkhaki: \"bdb76b\",","        darkmagenta: \"8b008b\",","        darkolivegreen: \"556b2f\",","        darkorange: \"ff8c00\",","        darkorchid: \"9932cc\",","        darkred: \"8b0000\",","        darksalmon: \"e9967a\",","        darkseagreen: \"8fbc8f\",","        darkslateblue: \"483d8b\",","        darkslategray: \"2f4f4f\",","        darkslategrey: \"2f4f4f\",","        darkturquoise: \"00ced1\",","        darkviolet: \"9400d3\",","        deeppink: \"ff1493\",","        deepskyblue: \"00bfff\",","        dimgray: \"696969\",","        dimgrey: \"696969\",","        dodgerblue: \"1e90ff\",","        firebrick: \"b22222\",","        floralwhite: \"fffaf0\",","        forestgreen: \"228b22\",","        fuchsia: \"f0f\",","        gainsboro: \"dcdcdc\",","        ghostwhite: \"f8f8ff\",","        gold: \"ffd700\",","        goldenrod: \"daa520\",","        gray: \"808080\",","        green: \"008000\",","        greenyellow: \"adff2f\",","        grey: \"808080\",","        honeydew: \"f0fff0\",","        hotpink: \"ff69b4\",","        indianred: \"cd5c5c\",","        indigo: \"4b0082\",","        ivory: \"fffff0\",","        khaki: \"f0e68c\",","        lavender: \"e6e6fa\",","        lavenderblush: \"fff0f5\",","        lawngreen: \"7cfc00\",","        lemonchiffon: \"fffacd\",","        lightblue: \"add8e6\",","        lightcoral: \"f08080\",","        lightcyan: \"e0ffff\",","        lightgoldenrodyellow: \"fafad2\",","        lightgray: \"d3d3d3\",","        lightgreen: \"90ee90\",","        lightgrey: \"d3d3d3\",","        lightpink: \"ffb6c1\",","        lightsalmon: \"ffa07a\",","        lightseagreen: \"20b2aa\",","        lightskyblue: \"87cefa\",","        lightslategray: \"789\",","        lightslategrey: \"789\",","        lightsteelblue: \"b0c4de\",","        lightyellow: \"ffffe0\",","        lime: \"0f0\",","        limegreen: \"32cd32\",","        linen: \"faf0e6\",","        magenta: \"f0f\",","        maroon: \"800000\",","        mediumaquamarine: \"66cdaa\",","        mediumblue: \"0000cd\",","        mediumorchid: \"ba55d3\",","        mediumpurple: \"9370db\",","        mediumseagreen: \"3cb371\",","        mediumslateblue: \"7b68ee\",","        mediumspringgreen: \"00fa9a\",","        mediumturquoise: \"48d1cc\",","        mediumvioletred: \"c71585\",","        midnightblue: \"191970\",","        mintcream: \"f5fffa\",","        mistyrose: \"ffe4e1\",","        moccasin: \"ffe4b5\",","        navajowhite: \"ffdead\",","        navy: \"000080\",","        oldlace: \"fdf5e6\",","        olive: \"808000\",","        olivedrab: \"6b8e23\",","        orange: \"ffa500\",","        orangered: \"ff4500\",","        orchid: \"da70d6\",","        palegoldenrod: \"eee8aa\",","        palegreen: \"98fb98\",","        paleturquoise: \"afeeee\",","        palevioletred: \"db7093\",","        papayawhip: \"ffefd5\",","        peachpuff: \"ffdab9\",","        peru: \"cd853f\",","        pink: \"ffc0cb\",","        plum: \"dda0dd\",","        powderblue: \"b0e0e6\",","        purple: \"800080\",","        red: \"f00\",","        rosybrown: \"bc8f8f\",","        royalblue: \"4169e1\",","        saddlebrown: \"8b4513\",","        salmon: \"fa8072\",","        sandybrown: \"f4a460\",","        seagreen: \"2e8b57\",","        seashell: \"fff5ee\",","        sienna: \"a0522d\",","        silver: \"c0c0c0\",","        skyblue: \"87ceeb\",","        slateblue: \"6a5acd\",","        slategray: \"708090\",","        slategrey: \"708090\",","        snow: \"fffafa\",","        springgreen: \"00ff7f\",","        steelblue: \"4682b4\",","        tan: \"d2b48c\",","        teal: \"008080\",","        thistle: \"d8bfd8\",","        tomato: \"ff6347\",","        turquoise: \"40e0d0\",","        violet: \"ee82ee\",","        wheat: \"f5deb3\",","        white: \"fff\",","        whitesmoke: \"f5f5f5\",","        yellow: \"ff0\",","        yellowgreen: \"9acd32\"","    };","","    // Make it easy to access colors via `hexNames[hex]`","    var hexNames = tinycolor.hexNames = flip(names);","","","    // Utilities","    // ---------","","    // `{ 'name1': 'val1' }` becomes `{ 'val1': 'name1' }`","    function flip(o) {","        var flipped = { };","        for (var i in o) {","            if (o.hasOwnProperty(i)) {","                flipped[o[i]] = i;","            }","        }","        return flipped;","    }","","    // Return a valid alpha value [0,1] with all invalid values being set to 1","    function boundAlpha(a) {","        a = parseFloat(a);","","        if (isNaN(a) || a < 0 || a > 1) {","            a = 1;","        }","","        return a;","    }","","    // Take input from [0, n] and return it as [0, 1]","    function bound01(n, max) {","        if (isOnePointZero(n)) { n = \"100%\"; }","","        var processPercent = isPercentage(n);","        n = mathMin(max, mathMax(0, parseFloat(n)));","","        // Automatically convert percentage into number","        if (processPercent) {","            n = parseInt(n * max, 10) / 100;","        }","","        // Handle floating point rounding errors","        if ((math.abs(n - max) < 0.000001)) {","            return 1;","        }","","        // Convert into [0, 1] range if it isn't already","        return (n % max) / parseFloat(max);","    }","","    // Force a number between 0 and 1","    function clamp01(val) {","        return mathMin(1, mathMax(0, val));","    }","","    // Parse an integer into hex","    function parseHex(val) {","        return parseInt(val, 16);","    }","","    // Need to handle 1.0 as 100%, since once it is a number, there is no difference between it and 1","    // <http://stackoverflow.com/questions/7422072/javascript-how-to-detect-number-as-a-decimal-including-1-0>","    function isOnePointZero(n) {","        return typeof n == \"string\" && n.indexOf('.') != -1 && parseFloat(n) === 1;","    }","","    // Check to see if string passed in is a percentage","    function isPercentage(n) {","        return typeof n === \"string\" && n.indexOf('%') != -1;","    }","","    // Force a hex value to have 2 characters","    function pad2(c) {","        return c.length == 1 ? '0' + c : '' + c;","    }","","    // Replace a decimal with it's percentage value","    function convertToPercentage(n) {","        if (n <= 1) {","            n = (n * 100) + \"%\";","        }","","        return n;","    }","","    var matchers = (function() {","","        // <http://www.w3.org/TR/css3-values/#integers>","        var CSS_INTEGER = \"[-\\\\+]?\\\\d+%?\";","","        // <http://www.w3.org/TR/css3-values/#number-value>","        var CSS_NUMBER = \"[-\\\\+]?\\\\d*\\\\.\\\\d+%?\";","","        // Allow positive/negative integer/number.  Don't capture the either/or, just the entire outcome.","        var CSS_UNIT = \"(?:\" + CSS_NUMBER + \")|(?:\" + CSS_INTEGER + \")\";","","        // Actual matching.","        // Parentheses and commas are optional, but not required.","        // Whitespace can take the place of commas or opening paren","        var PERMISSIVE_MATCH3 = \"[\\\\s|\\\\(]+(\" + CSS_UNIT + \")[,|\\\\s]+(\" + CSS_UNIT + \")[,|\\\\s]+(\" + CSS_UNIT + \")\\\\s*\\\\)?\";","        var PERMISSIVE_MATCH4 = \"[\\\\s|\\\\(]+(\" + CSS_UNIT + \")[,|\\\\s]+(\" + CSS_UNIT + \")[,|\\\\s]+(\" + CSS_UNIT + \")[,|\\\\s]+(\" + CSS_UNIT + \")\\\\s*\\\\)?\";","","        return {","            rgb: new RegExp(\"rgb\" + PERMISSIVE_MATCH3),","            rgba: new RegExp(\"rgba\" + PERMISSIVE_MATCH4),","            hsl: new RegExp(\"hsl\" + PERMISSIVE_MATCH3),","            hsla: new RegExp(\"hsla\" + PERMISSIVE_MATCH4),","            hsv: new RegExp(\"hsv\" + PERMISSIVE_MATCH3),","            hex3: /^([0-9a-fA-F]{1})([0-9a-fA-F]{1})([0-9a-fA-F]{1})$/,","            hex6: /^([0-9a-fA-F]{2})([0-9a-fA-F]{2})([0-9a-fA-F]{2})$/","        };","    })();","","    // `stringInputToObject`","    // Permissive string parsing.  Take in a number of formats, and output an object","    // based on detected format.  Returns `{ r, g, b }` or `{ h, s, l }` or `{ h, s, v}`","    function stringInputToObject(color) {","","        color = color.replace(trimLeft,'').replace(trimRight, '').toLowerCase();","        var named = false;","        if (names[color]) {","            color = names[color];","            named = true;","        }","        else if (color == 'transparent') {","            return { r: 0, g: 0, b: 0, a: 0, format: \"name\" };","        }","","        // Try to match string input using regular expressions.","        // Keep most of the number bounding out of this function - don't worry about [0,1] or [0,100] or [0,360]","        // Just return an object and let the conversion functions handle that.","        // This way the result will be the same whether the tinycolor is initialized with string or object.","        var match;","        if ((match = matchers.rgb.exec(color))) {","            return { r: match[1], g: match[2], b: match[3] };","        }","        if ((match = matchers.rgba.exec(color))) {","            return { r: match[1], g: match[2], b: match[3], a: match[4] };","        }","        if ((match = matchers.hsl.exec(color))) {","            return { h: match[1], s: match[2], l: match[3] };","        }","        if ((match = matchers.hsla.exec(color))) {","            return { h: match[1], s: match[2], l: match[3], a: match[4] };","        }","        if ((match = matchers.hsv.exec(color))) {","            return { h: match[1], s: match[2], v: match[3] };","        }","        if ((match = matchers.hex6.exec(color))) {","            return {","                r: parseHex(match[1]),","                g: parseHex(match[2]),","                b: parseHex(match[3]),","                format: named ? \"name\" : \"hex\"","            };","        }","        if ((match = matchers.hex3.exec(color))) {","            return {","                r: parseHex(match[1] + '' + match[1]),","                g: parseHex(match[2] + '' + match[2]),","                b: parseHex(match[3] + '' + match[3]),","                format: named ? \"name\" : \"hex\"","            };","        }","","        return false;","    }","","    // Expose tinycolor to window, does not need to run in non-browser context.","    window.tinycolor = tinycolor;","","    })();","","","    $(function () {","        if ($.fn.spectrum.load) {","            $.fn.spectrum.processNativeColorInputs();","        }","    });","","})(window, jQuery);",""],"l":{"6":2,"7":0,"43":1,"44":0,"47":0,"48":0,"49":0,"50":0,"53":0,"54":0,"66":0,"67":0,"68":0,"69":0,"73":0,"111":1,"112":0,"113":0,"114":0,"115":0,"116":0,"117":0,"118":0,"120":0,"121":0,"123":0,"124":0,"127":0,"130":1,"131":0,"132":0,"133":0,"138":1,"139":0,"140":0,"148":0,"151":1,"153":0,"180":0,"212":1,"214":0,"215":0,"218":0,"219":0,"220":0,"221":0,"222":0,"223":0,"224":0,"225":0,"226":0,"228":0,"231":1,"233":0,"234":0,"237":0,"239":0,"240":0,"243":0,"244":0,"247":0,"248":0,"252":0,"253":0,"254":0,"257":0,"260":0,"263":0,"264":0,"265":0,"266":0,"267":0,"268":0,"274":0,"275":0,"280":0,"281":0,"282":0,"285":0,"287":0,"288":0,"292":0,"293":0,"297":0,"300":0,"301":0,"302":0,"304":0,"306":0,"307":0,"308":0,"309":0,"310":0,"314":0,"315":0,"316":0,"318":0,"320":0,"321":0,"323":0,"328":0,"329":0,"330":0,"331":0,"333":0,"334":0,"335":0,"339":0,"340":0,"341":0,"342":0,"343":0,"346":0,"349":0,"350":0,"351":0,"352":0,"355":0,"358":0,"359":0,"361":0,"362":0,"363":0,"364":0,"366":0,"369":0,"370":0,"372":0,"373":0,"375":0,"376":0,"379":0,"381":0,"385":0,"386":0,"390":0,"391":0,"393":0,"396":0,"399":0,"400":0,"403":1,"404":0,"405":0,"406":0,"409":0,"410":0,"411":0,"412":0,"415":0,"418":0,"419":0,"420":0,"423":1,"424":0,"425":0,"426":0,"427":0,"428":0,"429":0,"433":0,"434":0,"435":0,"442":1,"443":0,"444":0,"445":0,"446":0,"448":0,"450":0,"451":0,"452":0,"453":0,"457":0,"458":0,"460":0,"461":0,"462":0,"467":0,"470":1,"472":0,"474":0,"475":0,"478":0,"479":0,"482":0,"485":1,"486":0,"487":0,"488":0,"489":0,"493":1,"494":0,"495":0,"497":0,"498":0,"501":1,"502":0,"505":1,"507":0,"509":0,"510":0,"513":0,"514":0,"515":0,"518":0,"523":1,"524":0,"525":0,"528":0,"532":1,"533":0,"535":0,"536":0,"537":0,"540":0,"542":0,"543":0,"546":0,"547":0,"549":0,"550":0,"551":0,"552":0,"554":0,"555":0,"557":0,"558":0,"560":0,"562":0,"563":0,"564":0,"567":1,"570":0,"573":0,"574":0,"576":0,"577":0,"579":0,"580":0,"582":0,"584":0,"585":0,"586":0,"589":0,"593":0,"594":0,"597":1,"598":0,"601":1,"602":0,"603":0,"606":0,"607":0,"608":0,"610":0,"611":0,"612":0,"614":0,"615":0,"616":0,"617":0,"619":0,"621":0,"622":0,"626":1,"627":0,"629":0,"630":0,"633":0,"641":1,"642":0,"645":1,"646":0,"648":0,"649":0,"652":1,"654":0,"656":0,"659":0,"660":0,"663":0,"664":0,"665":0,"666":0,"670":0,"674":0,"675":0,"677":0,"679":0,"682":0,"686":0,"687":0,"690":0,"691":0,"694":0,"695":0,"696":0,"697":0,"698":0,"700":0,"701":0,"704":0,"705":0,"706":0,"707":0,"711":0,"714":0,"715":0,"718":0,"719":0,"722":0,"725":1,"726":0,"727":0,"729":0,"731":0,"732":0,"733":0,"737":0,"738":0,"739":0,"742":0,"743":0,"744":0,"748":0,"752":0,"757":0,"758":0,"763":0,"764":0,"770":1,"771":0,"775":0,"776":0,"778":0,"781":0,"782":0,"785":0,"787":0,"788":0,"789":0,"793":1,"794":0,"795":0,"796":0,"797":0,"798":0,"799":0,"800":0,"801":0,"803":0,"804":0,"805":0,"808":0,"811":1,"812":0,"813":0,"814":0,"815":0,"816":0,"819":1,"820":0,"821":0,"823":0,"824":0,"827":0,"828":0,"831":1,"832":0,"833":0,"834":0,"837":1,"838":0,"839":0,"840":0,"841":0,"844":0,"846":0,"855":0,"856":0,"863":0,"865":0,"872":1,"873":0,"874":0,"875":0,"876":0,"877":0,"878":0,"879":0,"880":0,"881":0,"882":0,"884":0,"888":0,"892":0,"898":1,"905":1,"906":0,"913":1,"914":0,"915":0,"916":0,"917":0,"925":1,"926":0,"927":0,"928":0,"929":0,"930":0,"931":0,"932":0,"933":0,"934":0,"936":0,"937":0,"938":0,"939":0,"940":0,"942":1,"943":0,"944":0,"946":0,"947":0,"949":0,"952":1,"953":0,"955":0,"956":0,"959":0,"960":0,"961":0,"963":0,"964":0,"966":0,"968":0,"971":0,"974":1,"975":0,"976":0,"978":0,"979":0,"980":0,"981":0,"982":0,"983":0,"985":0,"986":0,"988":0,"989":0,"992":0,"996":1,"997":0,"998":0,"999":0,"1000":0,"1002":0,"1005":0,"1008":1,"1009":0,"1010":0,"1011":0,"1012":0,"1013":0,"1014":0,"1016":0,"1017":0,"1022":1,"1027":0,"1028":0,"1030":0,"1032":0,"1033":0,"1035":0,"1036":0,"1037":0,"1039":0,"1040":0,"1041":0,"1044":0,"1045":0,"1047":0,"1048":0,"1050":0,"1051":0,"1053":0,"1054":0,"1055":0,"1058":0,"1063":0,"1067":0,"1068":0,"1069":0,"1073":0,"1074":0,"1075":0,"1076":0,"1078":0,"1079":0,"1080":0,"1082":0,"1083":0,"1084":0,"1094":0,"1096":0,"1105":1,"1107":0,"1108":0,"1111":0,"1112":0,"1115":0,"1116":0,"1127":0,"1128":0,"1129":0,"1131":0,"1137":0,"1140":0,"1141":0,"1144":0,"1145":0,"1148":0,"1149":0,"1150":0,"1155":0,"1156":0,"1159":0,"1160":0,"1161":0,"1166":0,"1169":0,"1172":0,"1175":0,"1180":0,"1183":0,"1188":0,"1189":0,"1192":0,"1195":0,"1196":0,"1197":0,"1198":0,"1199":0,"1201":0,"1202":0,"1203":0,"1204":0,"1207":0,"1210":0,"1211":0,"1213":0,"1214":0,"1215":0,"1217":0,"1218":0,"1220":0,"1221":0,"1223":0,"1224":0,"1226":0,"1227":0,"1229":0,"1230":0,"1232":0,"1233":0,"1235":0,"1236":0,"1239":0,"1240":0,"1243":0,"1250":0,"1251":0,"1252":0,"1253":0,"1254":0,"1255":0,"1256":0,"1259":0,"1263":0,"1266":0,"1283":1,"1285":0,"1286":0,"1287":0,"1288":0,"1290":0,"1291":0,"1294":0,"1295":0,"1296":0,"1297":0,"1298":0,"1300":0,"1301":0,"1302":0,"1303":0,"1304":0,"1305":0,"1307":0,"1308":0,"1309":0,"1310":0,"1311":0,"1312":0,"1315":0,"1316":0,"1320":0,"1322":0,"1344":1,"1345":0,"1356":1,"1358":0,"1359":0,"1360":0,"1362":0,"1363":0,"1365":0,"1366":0,"1369":0,"1370":0,"1371":0,"1372":0,"1373":0,"1374":0,"1377":0,"1380":0,"1387":1,"1388":0,"1390":0,"1391":0,"1392":0,"1394":1,"1395":0,"1396":0,"1397":0,"1398":0,"1399":0,"1400":0,"1403":0,"1404":0,"1407":0,"1408":0,"1409":0,"1410":0,"1411":0,"1414":0,"1421":1,"1423":0,"1424":0,"1425":0,"1427":0,"1428":0,"1430":0,"1431":0,"1433":0,"1434":0,"1437":0,"1438":0,"1439":0,"1440":0,"1442":0,"1444":0,"1451":1,"1453":0,"1454":0,"1455":0,"1457":0,"1467":0,"1474":1,"1476":0,"1483":0,"1484":0,"1487":0,"1492":0,"1493":0,"1494":0,"1496":0,"1497":0,"1510":0,"1511":0,"1512":0,"1513":0,"1514":0,"1515":0,"1517":0,"1518":0,"1519":0,"1520":0,"1521":0,"1522":0,"1524":0,"1525":0,"1527":0,"1528":0,"1529":0,"1530":0,"1531":0,"1532":0,"1534":0,"1535":0,"1536":0,"1537":0,"1538":0,"1539":0,"1541":0,"1542":0,"1543":0,"1544":0,"1553":0,"1554":0,"1555":0,"1556":0,"1562":0,"1563":0,"1564":0,"1565":0,"1572":0,"1573":0,"1574":0,"1575":0,"1581":0,"1582":0,"1583":0,"1585":0,"1586":0,"1587":0,"1589":0,"1590":0,"1591":0,"1593":0,"1595":0,"1596":0,"1597":0,"1598":0,"1599":0,"1600":0,"1602":0,"1603":0,"1604":0,"1607":0,"1619":0,"1620":0,"1621":0,"1622":0,"1623":0,"1624":0,"1630":0,"1641":0,"1642":0,"1643":0,"1651":0,"1652":0,"1653":0,"1654":0,"1655":0,"1660":0,"1661":0,"1662":0,"1664":0,"1667":0,"1668":0,"1669":0,"1672":0,"1679":0,"1831":0,"1838":1,"1839":0,"1840":0,"1841":0,"1842":0,"1845":0,"1849":1,"1850":0,"1852":0,"1853":0,"1856":0,"1860":1,"1861":0,"1863":0,"1864":0,"1867":0,"1868":0,"1872":0,"1873":0,"1877":0,"1881":1,"1882":0,"1886":1,"1887":0,"1892":1,"1893":0,"1897":1,"1898":0,"1902":1,"1903":0,"1907":1,"1908":0,"1909":0,"1912":0,"1915":0,"1918":0,"1921":0,"1924":0,"1929":0,"1930":0,"1932":0,"1946":1,"1948":0,"1949":0,"1950":0,"1951":0,"1952":0,"1954":0,"1955":0,"1962":0,"1963":0,"1964":0,"1966":0,"1967":0,"1969":0,"1970":0,"1972":0,"1973":0,"1975":0,"1976":0,"1978":0,"1979":0,"1986":0,"1987":0,"1995":0,"1999":0,"2004":0,"2005":0,"2006":0}}}